running egg_info
creating ../../build/arm/arm.egg-info
writing ../../build/arm/arm.egg-info/PKG-INFO
writing dependency_links to ../../build/arm/arm.egg-info/dependency_links.txt
writing entry points to ../../build/arm/arm.egg-info/entry_points.txt
writing requirements to ../../build/arm/arm.egg-info/requires.txt
writing top-level names to ../../build/arm/arm.egg-info/top_level.txt
writing manifest file '../../build/arm/arm.egg-info/SOURCES.txt'
reading manifest file '../../build/arm/arm.egg-info/SOURCES.txt'
writing manifest file '../../build/arm/arm.egg-info/SOURCES.txt'
running build
running build_py
creating /home/terraformers/rover/build/arm/build
creating /home/terraformers/rover/build/arm/build/lib
creating /home/terraformers/rover/build/arm/build/lib/arm
copying arm/__init__.py -> /home/terraformers/rover/build/arm/build/lib/arm
running install
running install_lib
creating /home/terraformers/rover/install/arm/lib/python3.10/site-packages/arm
copying /home/terraformers/rover/build/arm/build/lib/arm/__init__.py -> /home/terraformers/rover/install/arm/lib/python3.10/site-packages/arm
byte-compiling /home/terraformers/rover/install/arm/lib/python3.10/site-packages/arm/__init__.py to __init__.cpython-310.pyc
running install_data
creating /home/terraformers/rover/install/arm/share/ament_index
creating /home/terraformers/rover/install/arm/share/ament_index/resource_index
creating /home/terraformers/rover/install/arm/share/ament_index/resource_index/packages
copying resource/arm -> /home/terraformers/rover/install/arm/share/ament_index/resource_index/packages
copying package.xml -> /home/terraformers/rover/install/arm/share/arm
running install_egg_info
Copying ../../build/arm/arm.egg-info to /home/terraformers/rover/install/arm/lib/python3.10/site-packages/arm-0.0.0-py3.10.egg-info
running install_scripts
writing list of installed files to '/home/terraformers/rover/build/arm/install.log'
