[0.074s] Invoking command in '/home/terraformers/rover/build/ds4_driver_msgs': CMAKE_PREFIX_PATH=/opt/ros/humble /usr/bin/cmake /home/terraformers/rover/src/ds4_driver/ds4_driver_msgs -DCMAKE_INSTALL_PREFIX=/home/terraformers/rover/install/ds4_driver_msgs
[2.071s] -- The C compiler identification is GNU 11.4.0
[2.075s] -- The CXX compiler identification is GNU 11.4.0
[2.075s] -- Detecting C compiler ABI info
[2.075s] -- Detecting C compiler ABI info - done
[2.075s] -- Check for working C compiler: /usr/bin/cc - skipped
[2.075s] -- Detecting C compile features
[2.076s] -- Detecting C compile features - done
[2.076s] -- Detecting CXX compiler ABI info
[2.076s] -- Detecting CXX compiler ABI info - done
[2.076s] -- Check for working CXX compiler: /usr/bin/c++ - skipped
[2.076s] -- Detecting CXX compile features
[2.076s] -- Detecting CXX compile features - done
[2.076s] -- Found ament_cmake: 1.3.8 (/opt/ros/humble/share/ament_cmake/cmake)
[2.076s] -- Found Python3: /usr/bin/python3 (found version "3.10.12") found components: Interpreter 
[2.077s] -- Found builtin_interfaces: 1.2.1 (/opt/ros/humble/share/builtin_interfaces/cmake)
[2.077s] -- Found rosidl_generator_c: 3.1.5 (/opt/ros/humble/share/rosidl_generator_c/cmake)
[2.077s] -- Found rosidl_adapter: 3.1.5 (/opt/ros/humble/share/rosidl_adapter/cmake)
[2.077s] -- Found rosidl_generator_cpp: 3.1.5 (/opt/ros/humble/share/rosidl_generator_cpp/cmake)
[2.077s] -- Using all available rosidl_typesupport_c: rosidl_typesupport_fastrtps_c;rosidl_typesupport_introspection_c
[2.077s] -- Using all available rosidl_typesupport_cpp: rosidl_typesupport_fastrtps_cpp;rosidl_typesupport_introspection_cpp
[2.077s] -- Found std_msgs: 4.2.3 (/opt/ros/humble/share/std_msgs/cmake)
[2.078s] -- Found sensor_msgs: 4.2.3 (/opt/ros/humble/share/sensor_msgs/cmake)
[2.078s] -- Found rosidl_default_generators: 1.2.0 (/opt/ros/humble/share/rosidl_default_generators/cmake)
[2.653s] -- Found ament_cmake_ros: 0.10.0 (/opt/ros/humble/share/ament_cmake_ros/cmake)
[3.590s] -- Using all available rosidl_typesupport_c: rosidl_typesupport_fastrtps_c;rosidl_typesupport_introspection_c
[3.971s] -- Using all available rosidl_typesupport_cpp: rosidl_typesupport_fastrtps_cpp;rosidl_typesupport_introspection_cpp
[4.018s] -- Found PythonInterp: /usr/bin/python3 (found suitable version "3.10.12", minimum required is "3.6") 
[4.023s] -- Found python_cmake_module: 0.10.0 (/opt/ros/humble/share/python_cmake_module/cmake)
[4.083s] -- Found PythonLibs: /usr/lib/aarch64-linux-gnu/libpython3.10.so (found suitable version "3.10.12", minimum required is "3.5") 
[4.083s] -- Using PYTHON_EXECUTABLE: /usr/bin/python3
[4.083s] -- Using PYTHON_INCLUDE_DIRS: /usr/include/python3.10
[4.084s] -- Using PYTHON_LIBRARIES: /usr/lib/aarch64-linux-gnu/libpython3.10.so
[4.124s] -- Found PythonExtra: .so  
[4.284s] -- Found ament_lint_auto: 0.12.10 (/opt/ros/humble/share/ament_lint_auto/cmake)
[4.322s] -- Added test 'lint_cmake' to check CMake code style
[4.324s] -- Added test 'xmllint' to check XML markup files
[4.330s] -- Configuring done
[4.408s] -- Generating done
[4.412s] -- Build files have been written to: /home/terraformers/rover/build/ds4_driver_msgs
[4.438s] Invoked command in '/home/terraformers/rover/build/ds4_driver_msgs' returned '0': CMAKE_PREFIX_PATH=/opt/ros/humble /usr/bin/cmake /home/terraformers/rover/src/ds4_driver/ds4_driver_msgs -DCMAKE_INSTALL_PREFIX=/home/terraformers/rover/install/ds4_driver_msgs
[4.441s] Invoking command in '/home/terraformers/rover/build/ds4_driver_msgs': CMAKE_PREFIX_PATH=/opt/ros/humble /usr/bin/cmake --build /home/terraformers/rover/build/ds4_driver_msgs -- -j8 -l8
[4.515s] [  1%] [34m[1mGenerating C code for ROS interfaces[0m
[4.530s] [  3%] [34m[1mGenerating C++ code for ROS interfaces[0m
[4.546s] [  3%] Built target ament_cmake_python_copy_ds4_driver_msgs
[4.992s] running egg_info
[4.993s] creating ds4_driver_msgs.egg-info
[4.993s] writing ds4_driver_msgs.egg-info/PKG-INFO
[4.994s] writing dependency_links to ds4_driver_msgs.egg-info/dependency_links.txt
[4.994s] writing top-level names to ds4_driver_msgs.egg-info/top_level.txt
[4.994s] writing manifest file 'ds4_driver_msgs.egg-info/SOURCES.txt'
[4.998s] reading manifest file 'ds4_driver_msgs.egg-info/SOURCES.txt'
[4.999s] writing manifest file 'ds4_driver_msgs.egg-info/SOURCES.txt'
[5.063s] [  3%] Built target ament_cmake_python_build_ds4_driver_msgs_egg
[5.941s] [  5%] [32mBuilding C object CMakeFiles/ds4_driver_msgs__rosidl_generator_c.dir/rosidl_generator_c/ds4_driver_msgs/msg/detail/feedback__functions.c.o[0m
[5.945s] [  9%] [32mBuilding C object CMakeFiles/ds4_driver_msgs__rosidl_generator_c.dir/rosidl_generator_c/ds4_driver_msgs/msg/detail/report__functions.c.o[0m
[5.945s] [  9%] [32mBuilding C object CMakeFiles/ds4_driver_msgs__rosidl_generator_c.dir/rosidl_generator_c/ds4_driver_msgs/msg/detail/status__functions.c.o[0m
[5.950s] [ 10%] [32mBuilding C object CMakeFiles/ds4_driver_msgs__rosidl_generator_c.dir/rosidl_generator_c/ds4_driver_msgs/msg/detail/trackpad__functions.c.o[0m
[5.956s] [ 10%] Built target ds4_driver_msgs__cpp
[5.974s] [ 16%] [34m[1mGenerating C++ introspection for ROS interfaces[0m
[5.974s] [ 16%] [34m[1mGenerating C++ type support for eProsima Fast-RTPS[0m
[5.974s] [ 16%] [34m[1mGenerating C++ type support dispatch for ROS interfaces[0m
[6.099s] [ 18%] [32m[1mLinking C shared library libds4_driver_msgs__rosidl_generator_c.so[0m
[6.165s] [ 18%] Built target ds4_driver_msgs__rosidl_generator_c
[6.183s] [ 23%] [34m[1mGenerating C type support for eProsima Fast-RTPS[0m
[6.183s] [ 23%] [34m[1mGenerating C introspection for ROS interfaces[0m
[6.183s] [ 23%] [34m[1mGenerating C type support dispatch for ROS interfaces[0m
[7.190s] [ 27%] [32mBuilding CXX object CMakeFiles/ds4_driver_msgs__rosidl_typesupport_cpp.dir/rosidl_typesupport_cpp/ds4_driver_msgs/msg/feedback__type_support.cpp.o[0m
[7.191s] [ 27%] [32mBuilding CXX object CMakeFiles/ds4_driver_msgs__rosidl_typesupport_cpp.dir/rosidl_typesupport_cpp/ds4_driver_msgs/msg/report__type_support.cpp.o[0m
[7.198s] [ 29%] [32mBuilding CXX object CMakeFiles/ds4_driver_msgs__rosidl_typesupport_cpp.dir/rosidl_typesupport_cpp/ds4_driver_msgs/msg/status__type_support.cpp.o[0m
[7.351s] [ 30%] [32mBuilding CXX object CMakeFiles/ds4_driver_msgs__rosidl_typesupport_introspection_cpp.dir/rosidl_typesupport_introspection_cpp/ds4_driver_msgs/msg/detail/feedback__type_support.cpp.o[0m
[7.510s] [ 32%] [32mBuilding CXX object CMakeFiles/ds4_driver_msgs__rosidl_typesupport_fastrtps_cpp.dir/rosidl_typesupport_fastrtps_cpp/ds4_driver_msgs/msg/detail/dds_fastrtps/feedback__type_support.cpp.o[0m
[7.548s] [ 34%] [32mBuilding CXX object CMakeFiles/ds4_driver_msgs__rosidl_typesupport_c.dir/rosidl_typesupport_c/ds4_driver_msgs/msg/feedback__type_support.cpp.o[0m
[7.596s] [ 36%] [32mBuilding C object CMakeFiles/ds4_driver_msgs__rosidl_typesupport_introspection_c.dir/rosidl_typesupport_introspection_c/ds4_driver_msgs/msg/detail/feedback__type_support.c.o[0m
[7.612s] [ 38%] [32mBuilding CXX object CMakeFiles/ds4_driver_msgs__rosidl_typesupport_c.dir/rosidl_typesupport_c/ds4_driver_msgs/msg/status__type_support.cpp.o[0m
[7.666s] [ 40%] [32mBuilding C object CMakeFiles/ds4_driver_msgs__rosidl_typesupport_introspection_c.dir/rosidl_typesupport_introspection_c/ds4_driver_msgs/msg/detail/status__type_support.c.o[0m
[7.675s] [ 41%] [32mBuilding CXX object CMakeFiles/ds4_driver_msgs__rosidl_typesupport_c.dir/rosidl_typesupport_c/ds4_driver_msgs/msg/report__type_support.cpp.o[0m
[7.679s] [ 43%] [32mBuilding CXX object CMakeFiles/ds4_driver_msgs__rosidl_typesupport_fastrtps_c.dir/rosidl_typesupport_fastrtps_c/ds4_driver_msgs/msg/detail/feedback__type_support_c.cpp.o[0m
[7.735s] [ 45%] [32mBuilding CXX object CMakeFiles/ds4_driver_msgs__rosidl_typesupport_c.dir/rosidl_typesupport_c/ds4_driver_msgs/msg/trackpad__type_support.cpp.o[0m
[7.752s] [ 47%] [32mBuilding C object CMakeFiles/ds4_driver_msgs__rosidl_typesupport_introspection_c.dir/rosidl_typesupport_introspection_c/ds4_driver_msgs/msg/detail/report__type_support.c.o[0m
[7.793s] [ 49%] [32m[1mLinking CXX shared library libds4_driver_msgs__rosidl_typesupport_c.so[0m
[7.825s] [ 50%] [32mBuilding CXX object CMakeFiles/ds4_driver_msgs__rosidl_typesupport_fastrtps_cpp.dir/rosidl_typesupport_fastrtps_cpp/ds4_driver_msgs/msg/detail/dds_fastrtps/status__type_support.cpp.o[0m
[7.827s] [ 52%] [32mBuilding C object CMakeFiles/ds4_driver_msgs__rosidl_typesupport_introspection_c.dir/rosidl_typesupport_introspection_c/ds4_driver_msgs/msg/detail/trackpad__type_support.c.o[0m
[7.841s] [ 54%] [32mBuilding CXX object CMakeFiles/ds4_driver_msgs__rosidl_typesupport_fastrtps_c.dir/rosidl_typesupport_fastrtps_c/ds4_driver_msgs/msg/detail/status__type_support_c.cpp.o[0m
[7.873s] [ 54%] Built target ds4_driver_msgs__rosidl_typesupport_c
[7.890s] [ 56%] [32mBuilding CXX object CMakeFiles/ds4_driver_msgs__rosidl_typesupport_fastrtps_cpp.dir/rosidl_typesupport_fastrtps_cpp/ds4_driver_msgs/msg/detail/dds_fastrtps/report__type_support.cpp.o[0m
[7.890s] [ 58%] [32m[1mLinking C shared library libds4_driver_msgs__rosidl_typesupport_introspection_c.so[0m
[7.920s] [ 60%] [32mBuilding CXX object CMakeFiles/ds4_driver_msgs__rosidl_typesupport_cpp.dir/rosidl_typesupport_cpp/ds4_driver_msgs/msg/trackpad__type_support.cpp.o[0m
[7.954s] [ 60%] Built target ds4_driver_msgs__rosidl_typesupport_introspection_c
[7.970s] [ 61%] [32mBuilding CXX object CMakeFiles/ds4_driver_msgs__rosidl_typesupport_fastrtps_c.dir/rosidl_typesupport_fastrtps_c/ds4_driver_msgs/msg/detail/report__type_support_c.cpp.o[0m
[8.193s] [ 63%] [32mBuilding CXX object CMakeFiles/ds4_driver_msgs__rosidl_typesupport_introspection_cpp.dir/rosidl_typesupport_introspection_cpp/ds4_driver_msgs/msg/detail/status__type_support.cpp.o[0m
[8.457s] [ 65%] [32mBuilding CXX object CMakeFiles/ds4_driver_msgs__rosidl_typesupport_fastrtps_cpp.dir/rosidl_typesupport_fastrtps_cpp/ds4_driver_msgs/msg/detail/dds_fastrtps/trackpad__type_support.cpp.o[0m
[8.465s] [ 67%] [32mBuilding CXX object CMakeFiles/ds4_driver_msgs__rosidl_typesupport_fastrtps_c.dir/rosidl_typesupport_fastrtps_c/ds4_driver_msgs/msg/detail/trackpad__type_support_c.cpp.o[0m
[8.476s] [ 69%] [32m[1mLinking CXX shared library libds4_driver_msgs__rosidl_typesupport_cpp.so[0m
[8.555s] [ 69%] Built target ds4_driver_msgs__rosidl_typesupport_cpp
[8.572s] [ 70%] [32mBuilding CXX object CMakeFiles/ds4_driver_msgs__rosidl_typesupport_introspection_cpp.dir/rosidl_typesupport_introspection_cpp/ds4_driver_msgs/msg/detail/report__type_support.cpp.o[0m
[8.697s] [ 72%] [32mBuilding CXX object CMakeFiles/ds4_driver_msgs__rosidl_typesupport_introspection_cpp.dir/rosidl_typesupport_introspection_cpp/ds4_driver_msgs/msg/detail/trackpad__type_support.cpp.o[0m
[9.156s] [ 74%] [32m[1mLinking CXX shared library libds4_driver_msgs__rosidl_typesupport_fastrtps_c.so[0m
[9.265s] [ 76%] [32m[1mLinking CXX shared library libds4_driver_msgs__rosidl_typesupport_fastrtps_cpp.so[0m
[9.313s] [ 76%] Built target ds4_driver_msgs__rosidl_typesupport_fastrtps_c
[9.412s] [ 76%] Built target ds4_driver_msgs__rosidl_typesupport_fastrtps_cpp
[9.457s] [ 78%] [32m[1mLinking CXX shared library libds4_driver_msgs__rosidl_typesupport_introspection_cpp.so[0m
[9.601s] [ 78%] Built target ds4_driver_msgs__rosidl_typesupport_introspection_cpp
[9.647s] [ 78%] Built target ds4_driver_msgs
[9.691s] [ 80%] [34m[1mGenerating Python code for ROS interfaces[0m
[12.181s] [ 80%] Built target ds4_driver_msgs__py
[12.221s] [ 87%] [32mBuilding C object CMakeFiles/ds4_driver_msgs__rosidl_generator_py.dir/rosidl_generator_py/ds4_driver_msgs/msg/_feedback_s.c.o[0m
[12.221s] [ 87%] [32mBuilding C object CMakeFiles/ds4_driver_msgs__rosidl_generator_py.dir/rosidl_generator_py/ds4_driver_msgs/msg/_status_s.c.o[0m
[12.222s] [ 87%] [32mBuilding C object CMakeFiles/ds4_driver_msgs__rosidl_generator_py.dir/rosidl_generator_py/ds4_driver_msgs/msg/_report_s.c.o[0m
[12.222s] [ 87%] [32mBuilding C object CMakeFiles/ds4_driver_msgs__rosidl_generator_py.dir/rosidl_generator_py/ds4_driver_msgs/msg/_trackpad_s.c.o[0m
[12.539s] [ 89%] [32m[1mLinking C shared library rosidl_generator_py/ds4_driver_msgs/libds4_driver_msgs__rosidl_generator_py.so[0m
[12.635s] [ 89%] Built target ds4_driver_msgs__rosidl_generator_py
[12.673s] [ 94%] [32mBuilding C object CMakeFiles/ds4_driver_msgs__rosidl_typesupport_c__pyext.dir/rosidl_generator_py/ds4_driver_msgs/_ds4_driver_msgs_s.ep.rosidl_typesupport_c.c.o[0m
[12.674s] [ 94%] [32mBuilding C object CMakeFiles/ds4_driver_msgs__rosidl_typesupport_fastrtps_c__pyext.dir/rosidl_generator_py/ds4_driver_msgs/_ds4_driver_msgs_s.ep.rosidl_typesupport_fastrtps_c.c.o[0m
[12.674s] [ 94%] [32mBuilding C object CMakeFiles/ds4_driver_msgs__rosidl_typesupport_introspection_c__pyext.dir/rosidl_generator_py/ds4_driver_msgs/_ds4_driver_msgs_s.ep.rosidl_typesupport_introspection_c.c.o[0m
[12.873s] [ 98%] [32m[1mLinking C shared library rosidl_generator_py/ds4_driver_msgs/ds4_driver_msgs_s__rosidl_typesupport_fastrtps_c.cpython-310-aarch64-linux-gnu.so[0m
[12.874s] [ 98%] [32m[1mLinking C shared library rosidl_generator_py/ds4_driver_msgs/ds4_driver_msgs_s__rosidl_typesupport_c.cpython-310-aarch64-linux-gnu.so[0m
[12.874s] [100%] [32m[1mLinking C shared library rosidl_generator_py/ds4_driver_msgs/ds4_driver_msgs_s__rosidl_typesupport_introspection_c.cpython-310-aarch64-linux-gnu.so[0m
[12.950s] [100%] Built target ds4_driver_msgs__rosidl_typesupport_c__pyext
[12.950s] [100%] Built target ds4_driver_msgs__rosidl_typesupport_fastrtps_c__pyext
[12.950s] [100%] Built target ds4_driver_msgs__rosidl_typesupport_introspection_c__pyext
[12.979s] Invoked command in '/home/terraformers/rover/build/ds4_driver_msgs' returned '0': CMAKE_PREFIX_PATH=/opt/ros/humble /usr/bin/cmake --build /home/terraformers/rover/build/ds4_driver_msgs -- -j8 -l8
[13.160s] Invoking command in '/home/terraformers/rover/build/ds4_driver_msgs': CMAKE_PREFIX_PATH=/opt/ros/humble /usr/bin/cmake --install /home/terraformers/rover/build/ds4_driver_msgs
[13.176s] -- Install configuration: ""
[13.177s] -- Installing: /home/terraformers/rover/install/ds4_driver_msgs/share/ament_index/resource_index/rosidl_interfaces/ds4_driver_msgs
[13.177s] -- Installing: /home/terraformers/rover/install/ds4_driver_msgs/include/ds4_driver_msgs/ds4_driver_msgs
[13.177s] -- Installing: /home/terraformers/rover/install/ds4_driver_msgs/include/ds4_driver_msgs/ds4_driver_msgs/msg
[13.177s] -- Installing: /home/terraformers/rover/install/ds4_driver_msgs/include/ds4_driver_msgs/ds4_driver_msgs/msg/feedback.h
[13.178s] -- Installing: /home/terraformers/rover/install/ds4_driver_msgs/include/ds4_driver_msgs/ds4_driver_msgs/msg/detail
[13.178s] -- Installing: /home/terraformers/rover/install/ds4_driver_msgs/include/ds4_driver_msgs/ds4_driver_msgs/msg/detail/feedback__functions.h
[13.178s] -- Installing: /home/terraformers/rover/install/ds4_driver_msgs/include/ds4_driver_msgs/ds4_driver_msgs/msg/detail/status__struct.h
[13.178s] -- Installing: /home/terraformers/rover/install/ds4_driver_msgs/include/ds4_driver_msgs/ds4_driver_msgs/msg/detail/feedback__functions.c
[13.178s] -- Installing: /home/terraformers/rover/install/ds4_driver_msgs/include/ds4_driver_msgs/ds4_driver_msgs/msg/detail/status__functions.c
[13.179s] -- Installing: /home/terraformers/rover/install/ds4_driver_msgs/include/ds4_driver_msgs/ds4_driver_msgs/msg/detail/status__type_support.h
[13.179s] -- Installing: /home/terraformers/rover/install/ds4_driver_msgs/include/ds4_driver_msgs/ds4_driver_msgs/msg/detail/report__functions.h
[13.179s] -- Installing: /home/terraformers/rover/install/ds4_driver_msgs/include/ds4_driver_msgs/ds4_driver_msgs/msg/detail/feedback__struct.h
[13.179s] -- Installing: /home/terraformers/rover/install/ds4_driver_msgs/include/ds4_driver_msgs/ds4_driver_msgs/msg/detail/report__struct.h
[13.179s] -- Installing: /home/terraformers/rover/install/ds4_driver_msgs/include/ds4_driver_msgs/ds4_driver_msgs/msg/detail/trackpad__functions.c
[13.180s] -- Installing: /home/terraformers/rover/install/ds4_driver_msgs/include/ds4_driver_msgs/ds4_driver_msgs/msg/detail/report__type_support.h
[13.180s] -- Installing: /home/terraformers/rover/install/ds4_driver_msgs/include/ds4_driver_msgs/ds4_driver_msgs/msg/detail/trackpad__struct.h
[13.180s] -- Installing: /home/terraformers/rover/install/ds4_driver_msgs/include/ds4_driver_msgs/ds4_driver_msgs/msg/detail/feedback__type_support.h
[13.180s] -- Installing: /home/terraformers/rover/install/ds4_driver_msgs/include/ds4_driver_msgs/ds4_driver_msgs/msg/detail/trackpad__functions.h
[13.180s] -- Installing: /home/terraformers/rover/install/ds4_driver_msgs/include/ds4_driver_msgs/ds4_driver_msgs/msg/detail/status__functions.h
[13.181s] -- Installing: /home/terraformers/rover/install/ds4_driver_msgs/include/ds4_driver_msgs/ds4_driver_msgs/msg/detail/trackpad__type_support.h
[13.181s] -- Installing: /home/terraformers/rover/install/ds4_driver_msgs/include/ds4_driver_msgs/ds4_driver_msgs/msg/detail/report__functions.c
[13.181s] -- Installing: /home/terraformers/rover/install/ds4_driver_msgs/include/ds4_driver_msgs/ds4_driver_msgs/msg/report.h
[13.181s] -- Installing: /home/terraformers/rover/install/ds4_driver_msgs/include/ds4_driver_msgs/ds4_driver_msgs/msg/status.h
[13.181s] -- Installing: /home/terraformers/rover/install/ds4_driver_msgs/include/ds4_driver_msgs/ds4_driver_msgs/msg/trackpad.h
[13.181s] -- Installing: /home/terraformers/rover/install/ds4_driver_msgs/include/ds4_driver_msgs/ds4_driver_msgs/msg/rosidl_generator_c__visibility_control.h
[13.182s] -- Installing: /home/terraformers/rover/install/ds4_driver_msgs/share/ds4_driver_msgs/environment/library_path.sh
[13.182s] -- Installing: /home/terraformers/rover/install/ds4_driver_msgs/share/ds4_driver_msgs/environment/library_path.dsv
[13.182s] -- Installing: /home/terraformers/rover/install/ds4_driver_msgs/lib/libds4_driver_msgs__rosidl_generator_c.so
[13.183s] -- Set runtime path of "/home/terraformers/rover/install/ds4_driver_msgs/lib/libds4_driver_msgs__rosidl_generator_c.so" to ""
[13.183s] -- Up-to-date: /home/terraformers/rover/install/ds4_driver_msgs/include/ds4_driver_msgs/ds4_driver_msgs
[13.184s] -- Up-to-date: /home/terraformers/rover/install/ds4_driver_msgs/include/ds4_driver_msgs/ds4_driver_msgs/msg
[13.184s] -- Up-to-date: /home/terraformers/rover/install/ds4_driver_msgs/include/ds4_driver_msgs/ds4_driver_msgs/msg/detail
[13.184s] -- Installing: /home/terraformers/rover/install/ds4_driver_msgs/include/ds4_driver_msgs/ds4_driver_msgs/msg/detail/trackpad__rosidl_typesupport_fastrtps_c.h
[13.184s] -- Installing: /home/terraformers/rover/install/ds4_driver_msgs/include/ds4_driver_msgs/ds4_driver_msgs/msg/detail/feedback__rosidl_typesupport_fastrtps_c.h
[13.184s] -- Installing: /home/terraformers/rover/install/ds4_driver_msgs/include/ds4_driver_msgs/ds4_driver_msgs/msg/detail/report__rosidl_typesupport_fastrtps_c.h
[13.184s] -- Installing: /home/terraformers/rover/install/ds4_driver_msgs/include/ds4_driver_msgs/ds4_driver_msgs/msg/detail/status__rosidl_typesupport_fastrtps_c.h
[13.185s] -- Installing: /home/terraformers/rover/install/ds4_driver_msgs/include/ds4_driver_msgs/ds4_driver_msgs/msg/rosidl_typesupport_fastrtps_c__visibility_control.h
[13.185s] -- Installing: /home/terraformers/rover/install/ds4_driver_msgs/lib/libds4_driver_msgs__rosidl_typesupport_fastrtps_c.so
[13.185s] -- Set runtime path of "/home/terraformers/rover/install/ds4_driver_msgs/lib/libds4_driver_msgs__rosidl_typesupport_fastrtps_c.so" to ""
[13.185s] -- Up-to-date: /home/terraformers/rover/install/ds4_driver_msgs/include/ds4_driver_msgs/ds4_driver_msgs
[13.186s] -- Up-to-date: /home/terraformers/rover/install/ds4_driver_msgs/include/ds4_driver_msgs/ds4_driver_msgs/msg
[13.186s] -- Installing: /home/terraformers/rover/install/ds4_driver_msgs/include/ds4_driver_msgs/ds4_driver_msgs/msg/trackpad.hpp
[13.186s] -- Up-to-date: /home/terraformers/rover/install/ds4_driver_msgs/include/ds4_driver_msgs/ds4_driver_msgs/msg/detail
[13.186s] -- Installing: /home/terraformers/rover/install/ds4_driver_msgs/include/ds4_driver_msgs/ds4_driver_msgs/msg/detail/trackpad__builder.hpp
[13.186s] -- Installing: /home/terraformers/rover/install/ds4_driver_msgs/include/ds4_driver_msgs/ds4_driver_msgs/msg/detail/status__struct.hpp
[13.187s] -- Installing: /home/terraformers/rover/install/ds4_driver_msgs/include/ds4_driver_msgs/ds4_driver_msgs/msg/detail/feedback__struct.hpp
[13.187s] -- Installing: /home/terraformers/rover/install/ds4_driver_msgs/include/ds4_driver_msgs/ds4_driver_msgs/msg/detail/trackpad__traits.hpp
[13.187s] -- Installing: /home/terraformers/rover/install/ds4_driver_msgs/include/ds4_driver_msgs/ds4_driver_msgs/msg/detail/feedback__traits.hpp
[13.187s] -- Installing: /home/terraformers/rover/install/ds4_driver_msgs/include/ds4_driver_msgs/ds4_driver_msgs/msg/detail/report__traits.hpp
[13.187s] -- Installing: /home/terraformers/rover/install/ds4_driver_msgs/include/ds4_driver_msgs/ds4_driver_msgs/msg/detail/trackpad__struct.hpp
[13.188s] -- Installing: /home/terraformers/rover/install/ds4_driver_msgs/include/ds4_driver_msgs/ds4_driver_msgs/msg/detail/report__builder.hpp
[13.188s] -- Installing: /home/terraformers/rover/install/ds4_driver_msgs/include/ds4_driver_msgs/ds4_driver_msgs/msg/detail/feedback__builder.hpp
[13.188s] -- Installing: /home/terraformers/rover/install/ds4_driver_msgs/include/ds4_driver_msgs/ds4_driver_msgs/msg/detail/report__struct.hpp
[13.188s] -- Installing: /home/terraformers/rover/install/ds4_driver_msgs/include/ds4_driver_msgs/ds4_driver_msgs/msg/detail/status__traits.hpp
[13.188s] -- Installing: /home/terraformers/rover/install/ds4_driver_msgs/include/ds4_driver_msgs/ds4_driver_msgs/msg/detail/status__builder.hpp
[13.188s] -- Installing: /home/terraformers/rover/install/ds4_driver_msgs/include/ds4_driver_msgs/ds4_driver_msgs/msg/feedback.hpp
[13.189s] -- Installing: /home/terraformers/rover/install/ds4_driver_msgs/include/ds4_driver_msgs/ds4_driver_msgs/msg/status.hpp
[13.189s] -- Installing: /home/terraformers/rover/install/ds4_driver_msgs/include/ds4_driver_msgs/ds4_driver_msgs/msg/report.hpp
[13.189s] -- Up-to-date: /home/terraformers/rover/install/ds4_driver_msgs/include/ds4_driver_msgs/ds4_driver_msgs
[13.189s] -- Up-to-date: /home/terraformers/rover/install/ds4_driver_msgs/include/ds4_driver_msgs/ds4_driver_msgs/msg
[13.189s] -- Up-to-date: /home/terraformers/rover/install/ds4_driver_msgs/include/ds4_driver_msgs/ds4_driver_msgs/msg/detail
[13.189s] -- Installing: /home/terraformers/rover/install/ds4_driver_msgs/include/ds4_driver_msgs/ds4_driver_msgs/msg/detail/feedback__rosidl_typesupport_fastrtps_cpp.hpp
[13.190s] -- Installing: /home/terraformers/rover/install/ds4_driver_msgs/include/ds4_driver_msgs/ds4_driver_msgs/msg/detail/report__rosidl_typesupport_fastrtps_cpp.hpp
[13.190s] -- Installing: /home/terraformers/rover/install/ds4_driver_msgs/include/ds4_driver_msgs/ds4_driver_msgs/msg/detail/dds_fastrtps
[13.190s] -- Installing: /home/terraformers/rover/install/ds4_driver_msgs/include/ds4_driver_msgs/ds4_driver_msgs/msg/detail/trackpad__rosidl_typesupport_fastrtps_cpp.hpp
[13.190s] -- Installing: /home/terraformers/rover/install/ds4_driver_msgs/include/ds4_driver_msgs/ds4_driver_msgs/msg/detail/status__rosidl_typesupport_fastrtps_cpp.hpp
[13.190s] -- Installing: /home/terraformers/rover/install/ds4_driver_msgs/include/ds4_driver_msgs/ds4_driver_msgs/msg/rosidl_typesupport_fastrtps_cpp__visibility_control.h
[13.191s] -- Installing: /home/terraformers/rover/install/ds4_driver_msgs/lib/libds4_driver_msgs__rosidl_typesupport_fastrtps_cpp.so
[13.191s] -- Set runtime path of "/home/terraformers/rover/install/ds4_driver_msgs/lib/libds4_driver_msgs__rosidl_typesupport_fastrtps_cpp.so" to ""
[13.191s] -- Up-to-date: /home/terraformers/rover/install/ds4_driver_msgs/include/ds4_driver_msgs/ds4_driver_msgs
[13.191s] -- Up-to-date: /home/terraformers/rover/install/ds4_driver_msgs/include/ds4_driver_msgs/ds4_driver_msgs/msg
[13.191s] -- Installing: /home/terraformers/rover/install/ds4_driver_msgs/include/ds4_driver_msgs/ds4_driver_msgs/msg/rosidl_typesupport_introspection_c__visibility_control.h
[13.192s] -- Up-to-date: /home/terraformers/rover/install/ds4_driver_msgs/include/ds4_driver_msgs/ds4_driver_msgs/msg/detail
[13.192s] -- Installing: /home/terraformers/rover/install/ds4_driver_msgs/include/ds4_driver_msgs/ds4_driver_msgs/msg/detail/report__type_support.c
[13.192s] -- Installing: /home/terraformers/rover/install/ds4_driver_msgs/include/ds4_driver_msgs/ds4_driver_msgs/msg/detail/status__type_support.c
[13.192s] -- Installing: /home/terraformers/rover/install/ds4_driver_msgs/include/ds4_driver_msgs/ds4_driver_msgs/msg/detail/trackpad__type_support.c
[13.193s] -- Installing: /home/terraformers/rover/install/ds4_driver_msgs/include/ds4_driver_msgs/ds4_driver_msgs/msg/detail/report__rosidl_typesupport_introspection_c.h
[13.193s] -- Installing: /home/terraformers/rover/install/ds4_driver_msgs/include/ds4_driver_msgs/ds4_driver_msgs/msg/detail/trackpad__rosidl_typesupport_introspection_c.h
[13.193s] -- Installing: /home/terraformers/rover/install/ds4_driver_msgs/include/ds4_driver_msgs/ds4_driver_msgs/msg/detail/feedback__rosidl_typesupport_introspection_c.h
[13.193s] -- Installing: /home/terraformers/rover/install/ds4_driver_msgs/include/ds4_driver_msgs/ds4_driver_msgs/msg/detail/feedback__type_support.c
[13.194s] -- Installing: /home/terraformers/rover/install/ds4_driver_msgs/include/ds4_driver_msgs/ds4_driver_msgs/msg/detail/status__rosidl_typesupport_introspection_c.h
[13.194s] -- Installing: /home/terraformers/rover/install/ds4_driver_msgs/lib/libds4_driver_msgs__rosidl_typesupport_introspection_c.so
[13.194s] -- Set runtime path of "/home/terraformers/rover/install/ds4_driver_msgs/lib/libds4_driver_msgs__rosidl_typesupport_introspection_c.so" to ""
[13.195s] -- Installing: /home/terraformers/rover/install/ds4_driver_msgs/lib/libds4_driver_msgs__rosidl_typesupport_c.so
[13.195s] -- Set runtime path of "/home/terraformers/rover/install/ds4_driver_msgs/lib/libds4_driver_msgs__rosidl_typesupport_c.so" to ""
[13.195s] -- Up-to-date: /home/terraformers/rover/install/ds4_driver_msgs/include/ds4_driver_msgs/ds4_driver_msgs
[13.195s] -- Up-to-date: /home/terraformers/rover/install/ds4_driver_msgs/include/ds4_driver_msgs/ds4_driver_msgs/msg
[13.196s] -- Up-to-date: /home/terraformers/rover/install/ds4_driver_msgs/include/ds4_driver_msgs/ds4_driver_msgs/msg/detail
[13.196s] -- Installing: /home/terraformers/rover/install/ds4_driver_msgs/include/ds4_driver_msgs/ds4_driver_msgs/msg/detail/report__type_support.cpp
[13.196s] -- Installing: /home/terraformers/rover/install/ds4_driver_msgs/include/ds4_driver_msgs/ds4_driver_msgs/msg/detail/report__rosidl_typesupport_introspection_cpp.hpp
[13.196s] -- Installing: /home/terraformers/rover/install/ds4_driver_msgs/include/ds4_driver_msgs/ds4_driver_msgs/msg/detail/feedback__rosidl_typesupport_introspection_cpp.hpp
[13.197s] -- Installing: /home/terraformers/rover/install/ds4_driver_msgs/include/ds4_driver_msgs/ds4_driver_msgs/msg/detail/trackpad__rosidl_typesupport_introspection_cpp.hpp
[13.197s] -- Installing: /home/terraformers/rover/install/ds4_driver_msgs/include/ds4_driver_msgs/ds4_driver_msgs/msg/detail/feedback__type_support.cpp
[13.197s] -- Installing: /home/terraformers/rover/install/ds4_driver_msgs/include/ds4_driver_msgs/ds4_driver_msgs/msg/detail/status__rosidl_typesupport_introspection_cpp.hpp
[13.198s] -- Installing: /home/terraformers/rover/install/ds4_driver_msgs/include/ds4_driver_msgs/ds4_driver_msgs/msg/detail/status__type_support.cpp
[13.198s] -- Installing: /home/terraformers/rover/install/ds4_driver_msgs/include/ds4_driver_msgs/ds4_driver_msgs/msg/detail/trackpad__type_support.cpp
[13.198s] -- Installing: /home/terraformers/rover/install/ds4_driver_msgs/lib/libds4_driver_msgs__rosidl_typesupport_introspection_cpp.so
[13.198s] -- Set runtime path of "/home/terraformers/rover/install/ds4_driver_msgs/lib/libds4_driver_msgs__rosidl_typesupport_introspection_cpp.so" to ""
[13.198s] -- Installing: /home/terraformers/rover/install/ds4_driver_msgs/lib/libds4_driver_msgs__rosidl_typesupport_cpp.so
[13.199s] -- Set runtime path of "/home/terraformers/rover/install/ds4_driver_msgs/lib/libds4_driver_msgs__rosidl_typesupport_cpp.so" to ""
[13.199s] -- Installing: /home/terraformers/rover/install/ds4_driver_msgs/share/ds4_driver_msgs/environment/pythonpath.sh
[13.199s] -- Installing: /home/terraformers/rover/install/ds4_driver_msgs/share/ds4_driver_msgs/environment/pythonpath.dsv
[13.199s] -- Installing: /home/terraformers/rover/install/ds4_driver_msgs/local/lib/python3.10/dist-packages/ds4_driver_msgs-0.0.0-py3.10.egg-info
[13.199s] -- Installing: /home/terraformers/rover/install/ds4_driver_msgs/local/lib/python3.10/dist-packages/ds4_driver_msgs-0.0.0-py3.10.egg-info/SOURCES.txt
[13.199s] -- Installing: /home/terraformers/rover/install/ds4_driver_msgs/local/lib/python3.10/dist-packages/ds4_driver_msgs-0.0.0-py3.10.egg-info/PKG-INFO
[13.199s] -- Installing: /home/terraformers/rover/install/ds4_driver_msgs/local/lib/python3.10/dist-packages/ds4_driver_msgs-0.0.0-py3.10.egg-info/top_level.txt
[13.199s] -- Installing: /home/terraformers/rover/install/ds4_driver_msgs/local/lib/python3.10/dist-packages/ds4_driver_msgs-0.0.0-py3.10.egg-info/dependency_links.txt
[13.200s] -- Installing: /home/terraformers/rover/install/ds4_driver_msgs/local/lib/python3.10/dist-packages/ds4_driver_msgs
[13.200s] -- Installing: /home/terraformers/rover/install/ds4_driver_msgs/local/lib/python3.10/dist-packages/ds4_driver_msgs/_ds4_driver_msgs_s.ep.rosidl_typesupport_fastrtps_c.c
[13.200s] -- Installing: /home/terraformers/rover/install/ds4_driver_msgs/local/lib/python3.10/dist-packages/ds4_driver_msgs/libds4_driver_msgs__rosidl_generator_py.so
[13.200s] -- Installing: /home/terraformers/rover/install/ds4_driver_msgs/local/lib/python3.10/dist-packages/ds4_driver_msgs/__init__.py
[13.200s] -- Installing: /home/terraformers/rover/install/ds4_driver_msgs/local/lib/python3.10/dist-packages/ds4_driver_msgs/msg
[13.200s] -- Installing: /home/terraformers/rover/install/ds4_driver_msgs/local/lib/python3.10/dist-packages/ds4_driver_msgs/msg/__init__.py
[13.200s] -- Installing: /home/terraformers/rover/install/ds4_driver_msgs/local/lib/python3.10/dist-packages/ds4_driver_msgs/msg/_feedback_s.c
[13.200s] -- Installing: /home/terraformers/rover/install/ds4_driver_msgs/local/lib/python3.10/dist-packages/ds4_driver_msgs/msg/_status.py
[13.201s] -- Installing: /home/terraformers/rover/install/ds4_driver_msgs/local/lib/python3.10/dist-packages/ds4_driver_msgs/msg/_trackpad_s.c
[13.201s] -- Installing: /home/terraformers/rover/install/ds4_driver_msgs/local/lib/python3.10/dist-packages/ds4_driver_msgs/msg/_feedback.py
[13.201s] -- Installing: /home/terraformers/rover/install/ds4_driver_msgs/local/lib/python3.10/dist-packages/ds4_driver_msgs/msg/_status_s.c
[13.201s] -- Installing: /home/terraformers/rover/install/ds4_driver_msgs/local/lib/python3.10/dist-packages/ds4_driver_msgs/msg/_trackpad.py
[13.201s] -- Installing: /home/terraformers/rover/install/ds4_driver_msgs/local/lib/python3.10/dist-packages/ds4_driver_msgs/msg/_report.py
[13.201s] -- Installing: /home/terraformers/rover/install/ds4_driver_msgs/local/lib/python3.10/dist-packages/ds4_driver_msgs/msg/_report_s.c
[13.201s] -- Installing: /home/terraformers/rover/install/ds4_driver_msgs/local/lib/python3.10/dist-packages/ds4_driver_msgs/ds4_driver_msgs_s__rosidl_typesupport_fastrtps_c.cpython-310-aarch64-linux-gnu.so
[13.201s] -- Installing: /home/terraformers/rover/install/ds4_driver_msgs/local/lib/python3.10/dist-packages/ds4_driver_msgs/_ds4_driver_msgs_s.ep.rosidl_typesupport_introspection_c.c
[13.201s] -- Installing: /home/terraformers/rover/install/ds4_driver_msgs/local/lib/python3.10/dist-packages/ds4_driver_msgs/_ds4_driver_msgs_s.ep.rosidl_typesupport_c.c
[13.202s] -- Installing: /home/terraformers/rover/install/ds4_driver_msgs/local/lib/python3.10/dist-packages/ds4_driver_msgs/ds4_driver_msgs_s__rosidl_typesupport_introspection_c.cpython-310-aarch64-linux-gnu.so
[13.202s] -- Installing: /home/terraformers/rover/install/ds4_driver_msgs/local/lib/python3.10/dist-packages/ds4_driver_msgs/ds4_driver_msgs_s__rosidl_typesupport_c.cpython-310-aarch64-linux-gnu.so
[13.280s] Listing '/home/terraformers/rover/install/ds4_driver_msgs/local/lib/python3.10/dist-packages/ds4_driver_msgs'...
[13.280s] Compiling '/home/terraformers/rover/install/ds4_driver_msgs/local/lib/python3.10/dist-packages/ds4_driver_msgs/__init__.py'...
[13.281s] Listing '/home/terraformers/rover/install/ds4_driver_msgs/local/lib/python3.10/dist-packages/ds4_driver_msgs/msg'...
[13.281s] Compiling '/home/terraformers/rover/install/ds4_driver_msgs/local/lib/python3.10/dist-packages/ds4_driver_msgs/msg/__init__.py'...
[13.281s] Compiling '/home/terraformers/rover/install/ds4_driver_msgs/local/lib/python3.10/dist-packages/ds4_driver_msgs/msg/_feedback.py'...
[13.281s] Compiling '/home/terraformers/rover/install/ds4_driver_msgs/local/lib/python3.10/dist-packages/ds4_driver_msgs/msg/_report.py'...
[13.281s] Compiling '/home/terraformers/rover/install/ds4_driver_msgs/local/lib/python3.10/dist-packages/ds4_driver_msgs/msg/_status.py'...
[13.281s] Compiling '/home/terraformers/rover/install/ds4_driver_msgs/local/lib/python3.10/dist-packages/ds4_driver_msgs/msg/_trackpad.py'...
[13.293s] -- Installing: /home/terraformers/rover/install/ds4_driver_msgs/local/lib/python3.10/dist-packages/ds4_driver_msgs/ds4_driver_msgs_s__rosidl_typesupport_fastrtps_c.cpython-310-aarch64-linux-gnu.so
[13.293s] -- Set runtime path of "/home/terraformers/rover/install/ds4_driver_msgs/local/lib/python3.10/dist-packages/ds4_driver_msgs/ds4_driver_msgs_s__rosidl_typesupport_fastrtps_c.cpython-310-aarch64-linux-gnu.so" to ""
[13.294s] -- Installing: /home/terraformers/rover/install/ds4_driver_msgs/local/lib/python3.10/dist-packages/ds4_driver_msgs/ds4_driver_msgs_s__rosidl_typesupport_introspection_c.cpython-310-aarch64-linux-gnu.so
[13.295s] -- Set runtime path of "/home/terraformers/rover/install/ds4_driver_msgs/local/lib/python3.10/dist-packages/ds4_driver_msgs/ds4_driver_msgs_s__rosidl_typesupport_introspection_c.cpython-310-aarch64-linux-gnu.so" to ""
[13.296s] -- Installing: /home/terraformers/rover/install/ds4_driver_msgs/local/lib/python3.10/dist-packages/ds4_driver_msgs/ds4_driver_msgs_s__rosidl_typesupport_c.cpython-310-aarch64-linux-gnu.so
[13.297s] -- Set runtime path of "/home/terraformers/rover/install/ds4_driver_msgs/local/lib/python3.10/dist-packages/ds4_driver_msgs/ds4_driver_msgs_s__rosidl_typesupport_c.cpython-310-aarch64-linux-gnu.so" to ""
[13.297s] -- Installing: /home/terraformers/rover/install/ds4_driver_msgs/lib/libds4_driver_msgs__rosidl_generator_py.so
[13.298s] -- Set runtime path of "/home/terraformers/rover/install/ds4_driver_msgs/lib/libds4_driver_msgs__rosidl_generator_py.so" to ""
[13.299s] -- Installing: /home/terraformers/rover/install/ds4_driver_msgs/share/ds4_driver_msgs/msg/Feedback.idl
[13.299s] -- Installing: /home/terraformers/rover/install/ds4_driver_msgs/share/ds4_driver_msgs/msg/Status.idl
[13.300s] -- Installing: /home/terraformers/rover/install/ds4_driver_msgs/share/ds4_driver_msgs/msg/Report.idl
[13.300s] -- Installing: /home/terraformers/rover/install/ds4_driver_msgs/share/ds4_driver_msgs/msg/Trackpad.idl
[13.301s] -- Installing: /home/terraformers/rover/install/ds4_driver_msgs/share/ds4_driver_msgs/msg/Feedback.msg
[13.301s] -- Installing: /home/terraformers/rover/install/ds4_driver_msgs/share/ds4_driver_msgs/msg/Status.msg
[13.302s] -- Installing: /home/terraformers/rover/install/ds4_driver_msgs/share/ds4_driver_msgs/msg/Report.msg
[13.302s] -- Installing: /home/terraformers/rover/install/ds4_driver_msgs/share/ds4_driver_msgs/msg/Trackpad.msg
[13.302s] -- Installing: /home/terraformers/rover/install/ds4_driver_msgs/share/ament_index/resource_index/package_run_dependencies/ds4_driver_msgs
[13.303s] -- Installing: /home/terraformers/rover/install/ds4_driver_msgs/share/ament_index/resource_index/parent_prefix_path/ds4_driver_msgs
[13.303s] -- Installing: /home/terraformers/rover/install/ds4_driver_msgs/share/ds4_driver_msgs/environment/ament_prefix_path.sh
[13.303s] -- Installing: /home/terraformers/rover/install/ds4_driver_msgs/share/ds4_driver_msgs/environment/ament_prefix_path.dsv
[13.303s] -- Installing: /home/terraformers/rover/install/ds4_driver_msgs/share/ds4_driver_msgs/environment/path.sh
[13.304s] -- Installing: /home/terraformers/rover/install/ds4_driver_msgs/share/ds4_driver_msgs/environment/path.dsv
[13.304s] -- Installing: /home/terraformers/rover/install/ds4_driver_msgs/share/ds4_driver_msgs/local_setup.bash
[13.304s] -- Installing: /home/terraformers/rover/install/ds4_driver_msgs/share/ds4_driver_msgs/local_setup.sh
[13.305s] -- Installing: /home/terraformers/rover/install/ds4_driver_msgs/share/ds4_driver_msgs/local_setup.zsh
[13.305s] -- Installing: /home/terraformers/rover/install/ds4_driver_msgs/share/ds4_driver_msgs/local_setup.dsv
[13.305s] -- Installing: /home/terraformers/rover/install/ds4_driver_msgs/share/ds4_driver_msgs/package.dsv
[13.305s] -- Installing: /home/terraformers/rover/install/ds4_driver_msgs/share/ament_index/resource_index/packages/ds4_driver_msgs
[13.306s] -- Installing: /home/terraformers/rover/install/ds4_driver_msgs/share/ds4_driver_msgs/cmake/export_ds4_driver_msgs__rosidl_generator_cExport.cmake
[13.306s] -- Installing: /home/terraformers/rover/install/ds4_driver_msgs/share/ds4_driver_msgs/cmake/export_ds4_driver_msgs__rosidl_generator_cExport-noconfig.cmake
[13.306s] -- Installing: /home/terraformers/rover/install/ds4_driver_msgs/share/ds4_driver_msgs/cmake/export_ds4_driver_msgs__rosidl_typesupport_fastrtps_cExport.cmake
[13.307s] -- Installing: /home/terraformers/rover/install/ds4_driver_msgs/share/ds4_driver_msgs/cmake/export_ds4_driver_msgs__rosidl_typesupport_fastrtps_cExport-noconfig.cmake
[13.307s] -- Installing: /home/terraformers/rover/install/ds4_driver_msgs/share/ds4_driver_msgs/cmake/export_ds4_driver_msgs__rosidl_generator_cppExport.cmake
[13.307s] -- Installing: /home/terraformers/rover/install/ds4_driver_msgs/share/ds4_driver_msgs/cmake/export_ds4_driver_msgs__rosidl_typesupport_fastrtps_cppExport.cmake
[13.307s] -- Installing: /home/terraformers/rover/install/ds4_driver_msgs/share/ds4_driver_msgs/cmake/export_ds4_driver_msgs__rosidl_typesupport_fastrtps_cppExport-noconfig.cmake
[13.308s] -- Installing: /home/terraformers/rover/install/ds4_driver_msgs/share/ds4_driver_msgs/cmake/ds4_driver_msgs__rosidl_typesupport_introspection_cExport.cmake
[13.308s] -- Installing: /home/terraformers/rover/install/ds4_driver_msgs/share/ds4_driver_msgs/cmake/ds4_driver_msgs__rosidl_typesupport_introspection_cExport-noconfig.cmake
[13.308s] -- Installing: /home/terraformers/rover/install/ds4_driver_msgs/share/ds4_driver_msgs/cmake/ds4_driver_msgs__rosidl_typesupport_cExport.cmake
[13.309s] -- Installing: /home/terraformers/rover/install/ds4_driver_msgs/share/ds4_driver_msgs/cmake/ds4_driver_msgs__rosidl_typesupport_cExport-noconfig.cmake
[13.309s] -- Installing: /home/terraformers/rover/install/ds4_driver_msgs/share/ds4_driver_msgs/cmake/ds4_driver_msgs__rosidl_typesupport_introspection_cppExport.cmake
[13.309s] -- Installing: /home/terraformers/rover/install/ds4_driver_msgs/share/ds4_driver_msgs/cmake/ds4_driver_msgs__rosidl_typesupport_introspection_cppExport-noconfig.cmake
[13.309s] -- Installing: /home/terraformers/rover/install/ds4_driver_msgs/share/ds4_driver_msgs/cmake/ds4_driver_msgs__rosidl_typesupport_cppExport.cmake
[13.310s] -- Installing: /home/terraformers/rover/install/ds4_driver_msgs/share/ds4_driver_msgs/cmake/ds4_driver_msgs__rosidl_typesupport_cppExport-noconfig.cmake
[13.310s] -- Installing: /home/terraformers/rover/install/ds4_driver_msgs/share/ds4_driver_msgs/cmake/export_ds4_driver_msgs__rosidl_generator_pyExport.cmake
[13.310s] -- Installing: /home/terraformers/rover/install/ds4_driver_msgs/share/ds4_driver_msgs/cmake/export_ds4_driver_msgs__rosidl_generator_pyExport-noconfig.cmake
[13.311s] -- Installing: /home/terraformers/rover/install/ds4_driver_msgs/share/ds4_driver_msgs/cmake/rosidl_cmake-extras.cmake
[13.311s] -- Installing: /home/terraformers/rover/install/ds4_driver_msgs/share/ds4_driver_msgs/cmake/ament_cmake_export_dependencies-extras.cmake
[13.311s] -- Installing: /home/terraformers/rover/install/ds4_driver_msgs/share/ds4_driver_msgs/cmake/ament_cmake_export_include_directories-extras.cmake
[13.311s] -- Installing: /home/terraformers/rover/install/ds4_driver_msgs/share/ds4_driver_msgs/cmake/ament_cmake_export_libraries-extras.cmake
[13.312s] -- Installing: /home/terraformers/rover/install/ds4_driver_msgs/share/ds4_driver_msgs/cmake/ament_cmake_export_targets-extras.cmake
[13.312s] -- Installing: /home/terraformers/rover/install/ds4_driver_msgs/share/ds4_driver_msgs/cmake/rosidl_cmake_export_typesupport_targets-extras.cmake
[13.312s] -- Installing: /home/terraformers/rover/install/ds4_driver_msgs/share/ds4_driver_msgs/cmake/rosidl_cmake_export_typesupport_libraries-extras.cmake
[13.313s] -- Installing: /home/terraformers/rover/install/ds4_driver_msgs/share/ds4_driver_msgs/cmake/ds4_driver_msgsConfig.cmake
[13.313s] -- Installing: /home/terraformers/rover/install/ds4_driver_msgs/share/ds4_driver_msgs/cmake/ds4_driver_msgsConfig-version.cmake
[13.313s] -- Installing: /home/terraformers/rover/install/ds4_driver_msgs/share/ds4_driver_msgs/package.xml
[13.320s] Invoked command in '/home/terraformers/rover/build/ds4_driver_msgs' returned '0': CMAKE_PREFIX_PATH=/opt/ros/humble /usr/bin/cmake --install /home/terraformers/rover/build/ds4_driver_msgs
