running egg_info
creating ../../build/drivetrain/drivetrain.egg-info
writing ../../build/drivetrain/drivetrain.egg-info/PKG-INFO
writing dependency_links to ../../build/drivetrain/drivetrain.egg-info/dependency_links.txt
writing entry points to ../../build/drivetrain/drivetrain.egg-info/entry_points.txt
writing requirements to ../../build/drivetrain/drivetrain.egg-info/requires.txt
writing top-level names to ../../build/drivetrain/drivetrain.egg-info/top_level.txt
writing manifest file '../../build/drivetrain/drivetrain.egg-info/SOURCES.txt'
reading manifest file '../../build/drivetrain/drivetrain.egg-info/SOURCES.txt'
writing manifest file '../../build/drivetrain/drivetrain.egg-info/SOURCES.txt'
running build
running build_py
creating /home/terraformers/rover/build/drivetrain/build
creating /home/terraformers/rover/build/drivetrain/build/lib
creating /home/terraformers/rover/build/drivetrain/build/lib/drivetrain
copying drivetrain/__init__.py -> /home/terraformers/rover/build/drivetrain/build/lib/drivetrain
copying drivetrain/controller_node.py -> /home/terraformers/rover/build/drivetrain/build/lib/drivetrain
running install
running install_lib
creating /home/terraformers/rover/install/drivetrain/lib/python3.10/site-packages/drivetrain
copying /home/terraformers/rover/build/drivetrain/build/lib/drivetrain/__init__.py -> /home/terraformers/rover/install/drivetrain/lib/python3.10/site-packages/drivetrain
copying /home/terraformers/rover/build/drivetrain/build/lib/drivetrain/controller_node.py -> /home/terraformers/rover/install/drivetrain/lib/python3.10/site-packages/drivetrain
byte-compiling /home/terraformers/rover/install/drivetrain/lib/python3.10/site-packages/drivetrain/__init__.py to __init__.cpython-310.pyc
byte-compiling /home/terraformers/rover/install/drivetrain/lib/python3.10/site-packages/drivetrain/controller_node.py to controller_node.cpython-310.pyc
running install_data
creating /home/terraformers/rover/install/drivetrain/share/ament_index
creating /home/terraformers/rover/install/drivetrain/share/ament_index/resource_index
creating /home/terraformers/rover/install/drivetrain/share/ament_index/resource_index/packages
copying resource/drivetrain -> /home/terraformers/rover/install/drivetrain/share/ament_index/resource_index/packages
copying package.xml -> /home/terraformers/rover/install/drivetrain/share/drivetrain
running install_egg_info
Copying ../../build/drivetrain/drivetrain.egg-info to /home/terraformers/rover/install/drivetrain/lib/python3.10/site-packages/drivetrain-0.0.0-py3.10.egg-info
running install_scripts
writing list of installed files to '/home/terraformers/rover/build/drivetrain/install.log'
