[3.296s] Invoking command in '/home/terraformers/rover/src/drivetrain': PYTHONPATH=/home/terraformers/rover/build/drivetrain/prefix_override:/home/terraformers/rover/install/drivetrain/lib/python3.10/site-packages:${PYTHONPATH} /usr/bin/python3 -W ignore:setup.py install is deprecated setup.py egg_info --egg-base ../../build/drivetrain build --build-base /home/terraformers/rover/build/drivetrain/build install --record /home/terraformers/rover/build/drivetrain/install.log --single-version-externally-managed install_data
[3.767s] running egg_info
[3.769s] creating ../../build/drivetrain/drivetrain.egg-info
[3.769s] writing ../../build/drivetrain/drivetrain.egg-info/PKG-INFO
[3.770s] writing dependency_links to ../../build/drivetrain/drivetrain.egg-info/dependency_links.txt
[3.770s] writing entry points to ../../build/drivetrain/drivetrain.egg-info/entry_points.txt
[3.770s] writing requirements to ../../build/drivetrain/drivetrain.egg-info/requires.txt
[3.771s] writing top-level names to ../../build/drivetrain/drivetrain.egg-info/top_level.txt
[3.771s] writing manifest file '../../build/drivetrain/drivetrain.egg-info/SOURCES.txt'
[3.774s] reading manifest file '../../build/drivetrain/drivetrain.egg-info/SOURCES.txt'
[3.776s] writing manifest file '../../build/drivetrain/drivetrain.egg-info/SOURCES.txt'
[3.776s] running build
[3.776s] running build_py
[3.777s] creating /home/terraformers/rover/build/drivetrain/build
[3.777s] creating /home/terraformers/rover/build/drivetrain/build/lib
[3.777s] creating /home/terraformers/rover/build/drivetrain/build/lib/drivetrain
[3.777s] copying drivetrain/__init__.py -> /home/terraformers/rover/build/drivetrain/build/lib/drivetrain
[3.778s] copying drivetrain/controller_node.py -> /home/terraformers/rover/build/drivetrain/build/lib/drivetrain
[3.778s] running install
[3.778s] running install_lib
[3.780s] creating /home/terraformers/rover/install/drivetrain/lib/python3.10/site-packages/drivetrain
[3.780s] copying /home/terraformers/rover/build/drivetrain/build/lib/drivetrain/__init__.py -> /home/terraformers/rover/install/drivetrain/lib/python3.10/site-packages/drivetrain
[3.780s] copying /home/terraformers/rover/build/drivetrain/build/lib/drivetrain/controller_node.py -> /home/terraformers/rover/install/drivetrain/lib/python3.10/site-packages/drivetrain
[3.782s] byte-compiling /home/terraformers/rover/install/drivetrain/lib/python3.10/site-packages/drivetrain/__init__.py to __init__.cpython-310.pyc
[3.782s] byte-compiling /home/terraformers/rover/install/drivetrain/lib/python3.10/site-packages/drivetrain/controller_node.py to controller_node.cpython-310.pyc
[3.784s] running install_data
[3.784s] creating /home/terraformers/rover/install/drivetrain/share/ament_index
[3.784s] creating /home/terraformers/rover/install/drivetrain/share/ament_index/resource_index
[3.784s] creating /home/terraformers/rover/install/drivetrain/share/ament_index/resource_index/packages
[3.785s] copying resource/drivetrain -> /home/terraformers/rover/install/drivetrain/share/ament_index/resource_index/packages
[3.785s] copying package.xml -> /home/terraformers/rover/install/drivetrain/share/drivetrain
[3.785s] running install_egg_info
[3.788s] Copying ../../build/drivetrain/drivetrain.egg-info to /home/terraformers/rover/install/drivetrain/lib/python3.10/site-packages/drivetrain-0.0.0-py3.10.egg-info
[3.790s] running install_scripts
[3.833s] writing list of installed files to '/home/terraformers/rover/build/drivetrain/install.log'
[3.943s] Invoked command in '/home/terraformers/rover/src/drivetrain' returned '0': PYTHONPATH=/home/terraformers/rover/build/drivetrain/prefix_override:/home/terraformers/rover/install/drivetrain/lib/python3.10/site-packages:${PYTHONPATH} /usr/bin/python3 -W ignore:setup.py install is deprecated setup.py egg_info --egg-base ../../build/drivetrain build --build-base /home/terraformers/rover/build/drivetrain/build install --record /home/terraformers/rover/build/drivetrain/install.log --single-version-externally-managed install_data
