[2.013s] Invoking command in '/home/terraformers/rover/build/interfaces': CMAKE_PREFIX_PATH=/opt/ros/humble /usr/bin/cmake /home/terraformers/rover/src/interfaces -DAMENT_CMAKE_SYMLINK_INSTALL=1 -DCMAKE_INSTALL_PREFIX=/home/terraformers/rover/install/interfaces
[2.586s] -- Found ament_cmake: 1.3.8 (/opt/ros/humble/share/ament_cmake/cmake)
[2.586s] -- Override CMake install command with custom implementation using symlinks instead of copying resources
[2.586s] -- Found ament_lint_auto: 0.12.10 (/opt/ros/humble/share/ament_lint_auto/cmake)
[2.587s] -- Added test 'lint_cmake' to check CMake code style
[2.587s] -- Added test 'xmllint' to check XML markup files
[2.587s] -- Configuring done
[2.587s] -- Generating done
[2.587s] -- Build files have been written to: /home/terraformers/rover/build/interfaces
[2.588s] Invoked command in '/home/terraformers/rover/build/interfaces' returned '0': CMAKE_PREFIX_PATH=/opt/ros/humble /usr/bin/cmake /home/terraformers/rover/src/interfaces -DAMENT_CMAKE_SYMLINK_INSTALL=1 -DCMAKE_INSTALL_PREFIX=/home/terraformers/rover/install/interfaces
[2.589s] Invoking command in '/home/terraformers/rover/build/interfaces': CMAKE_PREFIX_PATH=/opt/ros/humble /usr/bin/cmake --build /home/terraformers/rover/build/interfaces -- -j8 -l8
[2.659s] Invoked command in '/home/terraformers/rover/build/interfaces' returned '0': CMAKE_PREFIX_PATH=/opt/ros/humble /usr/bin/cmake --build /home/terraformers/rover/build/interfaces -- -j8 -l8
[2.727s] Invoking command in '/home/terraformers/rover/build/interfaces': CMAKE_PREFIX_PATH=/opt/ros/humble /usr/bin/cmake --install /home/terraformers/rover/build/interfaces
[2.744s] -- Install configuration: ""
[2.745s] -- Execute custom install script
[2.745s] -- Symlinking: /home/terraformers/rover/install/interfaces/share/ament_index/resource_index/package_run_dependencies/interfaces
[2.762s] -- Symlinking: /home/terraformers/rover/install/interfaces/share/ament_index/resource_index/parent_prefix_path/interfaces
[2.779s] -- Symlinking: /home/terraformers/rover/install/interfaces/share/interfaces/environment/ament_prefix_path.sh
[2.796s] -- Symlinking: /home/terraformers/rover/install/interfaces/share/interfaces/environment/ament_prefix_path.dsv
[2.813s] -- Symlinking: /home/terraformers/rover/install/interfaces/share/interfaces/environment/path.sh
[2.830s] -- Symlinking: /home/terraformers/rover/install/interfaces/share/interfaces/environment/path.dsv
[2.846s] -- Symlinking: /home/terraformers/rover/install/interfaces/share/interfaces/local_setup.bash
[2.863s] -- Symlinking: /home/terraformers/rover/install/interfaces/share/interfaces/local_setup.sh
[2.888s] -- Symlinking: /home/terraformers/rover/install/interfaces/share/interfaces/local_setup.zsh
[2.904s] -- Symlinking: /home/terraformers/rover/install/interfaces/share/interfaces/local_setup.dsv
[2.928s] -- Symlinking: /home/terraformers/rover/install/interfaces/share/interfaces/package.dsv
[2.946s] -- Symlinking: /home/terraformers/rover/install/interfaces/share/ament_index/resource_index/packages/interfaces
[2.965s] -- Symlinking: /home/terraformers/rover/install/interfaces/share/interfaces/cmake/interfacesConfig.cmake
[2.982s] -- Symlinking: /home/terraformers/rover/install/interfaces/share/interfaces/cmake/interfacesConfig-version.cmake
[3.009s] -- Symlinking: /home/terraformers/rover/install/interfaces/share/interfaces/package.xml
[3.033s] Invoked command in '/home/terraformers/rover/build/interfaces' returned '0': CMAKE_PREFIX_PATH=/opt/ros/humble /usr/bin/cmake --install /home/terraformers/rover/build/interfaces
