[1.147s] Invoking command in '/home/terraformers/rover/build/drivetrain': AMENT_PREFIX_PATH=/home/terraformers/rover/install/interfaces:${AMENT_PREFIX_PATH} CMAKE_PREFIX_PATH=/home/terraformers/rover/install/interfaces PYTHONPATH=/home/terraformers/rover/build/drivetrain/prefix_override:/home/terraformers/rover/install/drivetrain/lib/python3.10/site-packages:${PYTHONPATH} /usr/bin/python3 -W ignore:setup.py install is deprecated setup.py develop --editable --build-directory /home/terraformers/rover/build/drivetrain/build --no-deps symlink_data --force
[1.639s] running develop
[1.639s] /usr/lib/python3/dist-packages/setuptools/command/easy_install.py:158: EasyInstallDeprecationWarning: easy_install command is deprecated. Use build and pip and other standards-based tools.
[1.639s]   warnings.warn(
[1.938s] running egg_info
[1.938s] writing drivetrain.egg-info/PKG-INFO
[1.939s] writing dependency_links to drivetrain.egg-info/dependency_links.txt
[1.939s] writing entry points to drivetrain.egg-info/entry_points.txt
[1.939s] writing requirements to drivetrain.egg-info/requires.txt
[1.939s] writing top-level names to drivetrain.egg-info/top_level.txt
[1.943s] reading manifest file 'drivetrain.egg-info/SOURCES.txt'
[1.944s] writing manifest file 'drivetrain.egg-info/SOURCES.txt'
[1.946s] running build_ext
[1.946s] Creating /home/terraformers/rover/install/drivetrain/lib/python3.10/site-packages/drivetrain.egg-link (link to .)
[1.948s] Installing controller script to /home/terraformers/rover/install/drivetrain/lib/drivetrain
[1.948s] Installing driver_node script to /home/terraformers/rover/install/drivetrain/lib/drivetrain
[1.948s] 
[1.949s] Installed /home/terraformers/rover/build/drivetrain
[1.949s] running symlink_data
[1.949s] symbolically linking /home/terraformers/rover/build/drivetrain/resource/drivetrain -> /home/terraformers/rover/install/drivetrain/share/ament_index/resource_index/packages
[1.949s] symbolically linking /home/terraformers/rover/build/drivetrain/package.xml -> /home/terraformers/rover/install/drivetrain/share/drivetrain
[2.022s] Invoked command in '/home/terraformers/rover/build/drivetrain' returned '0': AMENT_PREFIX_PATH=/home/terraformers/rover/install/interfaces:${AMENT_PREFIX_PATH} CMAKE_PREFIX_PATH=/home/terraformers/rover/install/interfaces PYTHONPATH=/home/terraformers/rover/build/drivetrain/prefix_override:/home/terraformers/rover/install/drivetrain/lib/python3.10/site-packages:${PYTHONPATH} /usr/bin/python3 -W ignore:setup.py install is deprecated setup.py develop --editable --build-directory /home/terraformers/rover/build/drivetrain/build --no-deps symlink_data --force
