[0.345s] DEBUG:colcon:Command line arguments: ['/usr/bin/colcon', 'build']
[0.345s] DEBUG:colcon:Parsed command line arguments: Namespace(log_base=None, log_level=None, verb_name='build', build_base='build', install_base='install', merge_install=False, symlink_install=False, test_result_base=None, continue_on_error=False, executor='parallel', parallel_workers=8, event_handlers=None, ignore_user_meta=False, metas=['./colcon.meta'], base_paths=['.'], packages_ignore=None, packages_ignore_regex=None, paths=None, packages_up_to=None, packages_up_to_regex=None, packages_above=None, packages_above_and_dependencies=None, packages_above_depth=None, packages_select_by_dep=None, packages_skip_by_dep=None, packages_skip_up_to=None, packages_select_build_failed=False, packages_skip_build_finished=False, packages_select_test_failures=False, packages_skip_test_passed=False, packages_select=None, packages_skip=None, packages_select_regex=None, packages_skip_regex=None, packages_start=None, packages_end=None, allow_overriding=[], cmake_args=None, cmake_target=None, cmake_target_skip_unavailable=False, cmake_clean_cache=False, cmake_clean_first=False, cmake_force_configure=False, ament_cmake_args=None, catkin_cmake_args=None, catkin_skip_building_tests=False, mixin_files=None, mixin=None, verb_parser=<colcon_mixin.mixin.mixin_argument.MixinArgumentDecorator object at 0xffffa3c82140>, verb_extension=<colcon_core.verb.build.BuildVerb object at 0xffffa3c34490>, main=<bound method BuildVerb.main of <colcon_core.verb.build.BuildVerb object at 0xffffa3c34490>>, mixin_verb=('build',))
[0.850s] Level 1:colcon.colcon_core.package_discovery:discover_packages(colcon_meta) check parameters
[0.851s] Level 1:colcon.colcon_core.package_discovery:discover_packages(recursive) check parameters
[0.851s] Level 1:colcon.colcon_core.package_discovery:discover_packages(ignore) check parameters
[0.851s] Level 1:colcon.colcon_core.package_discovery:discover_packages(path) check parameters
[0.851s] Level 1:colcon.colcon_core.package_discovery:discover_packages(colcon_meta) discover
[0.851s] Level 1:colcon.colcon_core.package_discovery:discover_packages(recursive) discover
[0.851s] INFO:colcon.colcon_core.package_discovery:Crawling recursively for packages in '/home/terraformers/rover'
[0.851s] Level 1:colcon.colcon_core.package_identification:_identify(.) by extensions ['ignore', 'ignore_ament_install']
[0.852s] Level 1:colcon.colcon_core.package_identification:_identify(.) by extension 'ignore'
[0.852s] Level 1:colcon.colcon_core.package_identification:_identify(.) by extension 'ignore_ament_install'
[0.852s] Level 1:colcon.colcon_core.package_identification:_identify(.) by extensions ['colcon_pkg']
[0.852s] Level 1:colcon.colcon_core.package_identification:_identify(.) by extension 'colcon_pkg'
[0.852s] Level 1:colcon.colcon_core.package_identification:_identify(.) by extensions ['colcon_meta']
[0.852s] Level 1:colcon.colcon_core.package_identification:_identify(.) by extension 'colcon_meta'
[0.852s] Level 1:colcon.colcon_core.package_identification:_identify(.) by extensions ['ros']
[0.852s] Level 1:colcon.colcon_core.package_identification:_identify(.) by extension 'ros'
[0.874s] Level 1:colcon.colcon_core.package_identification:_identify(.) by extensions ['cmake', 'python']
[0.875s] Level 1:colcon.colcon_core.package_identification:_identify(.) by extension 'cmake'
[0.875s] Level 1:colcon.colcon_core.package_identification:_identify(.) by extension 'python'
[0.875s] Level 1:colcon.colcon_core.package_identification:_identify(.) by extensions ['python_setup_py']
[0.875s] Level 1:colcon.colcon_core.package_identification:_identify(.) by extension 'python_setup_py'
[0.875s] Level 1:colcon.colcon_core.package_identification:_identify(build) by extensions ['ignore', 'ignore_ament_install']
[0.876s] Level 1:colcon.colcon_core.package_identification:_identify(build) by extension 'ignore'
[0.876s] Level 1:colcon.colcon_core.package_identification:_identify(build) ignored
[0.876s] Level 1:colcon.colcon_core.package_identification:_identify(install) by extensions ['ignore', 'ignore_ament_install']
[0.876s] Level 1:colcon.colcon_core.package_identification:_identify(install) by extension 'ignore'
[0.876s] Level 1:colcon.colcon_core.package_identification:_identify(install) ignored
[0.876s] Level 1:colcon.colcon_core.package_identification:_identify(log) by extensions ['ignore', 'ignore_ament_install']
[0.877s] Level 1:colcon.colcon_core.package_identification:_identify(log) by extension 'ignore'
[0.877s] Level 1:colcon.colcon_core.package_identification:_identify(log) ignored
[0.877s] Level 1:colcon.colcon_core.package_identification:_identify(src) by extensions ['ignore', 'ignore_ament_install']
[0.877s] Level 1:colcon.colcon_core.package_identification:_identify(src) by extension 'ignore'
[0.877s] Level 1:colcon.colcon_core.package_identification:_identify(src) by extension 'ignore_ament_install'
[0.877s] Level 1:colcon.colcon_core.package_identification:_identify(src) by extensions ['colcon_pkg']
[0.877s] Level 1:colcon.colcon_core.package_identification:_identify(src) by extension 'colcon_pkg'
[0.877s] Level 1:colcon.colcon_core.package_identification:_identify(src) by extensions ['colcon_meta']
[0.877s] Level 1:colcon.colcon_core.package_identification:_identify(src) by extension 'colcon_meta'
[0.878s] Level 1:colcon.colcon_core.package_identification:_identify(src) by extensions ['ros']
[0.878s] Level 1:colcon.colcon_core.package_identification:_identify(src) by extension 'ros'
[0.878s] Level 1:colcon.colcon_core.package_identification:_identify(src) by extensions ['cmake', 'python']
[0.878s] Level 1:colcon.colcon_core.package_identification:_identify(src) by extension 'cmake'
[0.878s] Level 1:colcon.colcon_core.package_identification:_identify(src) by extension 'python'
[0.878s] Level 1:colcon.colcon_core.package_identification:_identify(src) by extensions ['python_setup_py']
[0.878s] Level 1:colcon.colcon_core.package_identification:_identify(src) by extension 'python_setup_py'
[0.878s] Level 1:colcon.colcon_core.package_identification:_identify(src/arm) by extensions ['ignore', 'ignore_ament_install']
[0.878s] Level 1:colcon.colcon_core.package_identification:_identify(src/arm) by extension 'ignore'
[0.878s] Level 1:colcon.colcon_core.package_identification:_identify(src/arm) by extension 'ignore_ament_install'
[0.879s] Level 1:colcon.colcon_core.package_identification:_identify(src/arm) by extensions ['colcon_pkg']
[0.879s] Level 1:colcon.colcon_core.package_identification:_identify(src/arm) by extension 'colcon_pkg'
[0.879s] Level 1:colcon.colcon_core.package_identification:_identify(src/arm) by extensions ['colcon_meta']
[0.879s] Level 1:colcon.colcon_core.package_identification:_identify(src/arm) by extension 'colcon_meta'
[0.879s] Level 1:colcon.colcon_core.package_identification:_identify(src/arm) by extensions ['ros']
[0.879s] Level 1:colcon.colcon_core.package_identification:_identify(src/arm) by extension 'ros'
[0.885s] DEBUG:colcon.colcon_core.package_identification:Package 'src/arm' with type 'ros.ament_python' and name 'arm'
[0.885s] Level 1:colcon.colcon_core.package_identification:_identify(src/commstest) by extensions ['ignore', 'ignore_ament_install']
[0.885s] Level 1:colcon.colcon_core.package_identification:_identify(src/commstest) by extension 'ignore'
[0.886s] Level 1:colcon.colcon_core.package_identification:_identify(src/commstest) by extension 'ignore_ament_install'
[0.886s] Level 1:colcon.colcon_core.package_identification:_identify(src/commstest) by extensions ['colcon_pkg']
[0.886s] Level 1:colcon.colcon_core.package_identification:_identify(src/commstest) by extension 'colcon_pkg'
[0.886s] Level 1:colcon.colcon_core.package_identification:_identify(src/commstest) by extensions ['colcon_meta']
[0.886s] Level 1:colcon.colcon_core.package_identification:_identify(src/commstest) by extension 'colcon_meta'
[0.886s] Level 1:colcon.colcon_core.package_identification:_identify(src/commstest) by extensions ['ros']
[0.886s] Level 1:colcon.colcon_core.package_identification:_identify(src/commstest) by extension 'ros'
[0.887s] DEBUG:colcon.colcon_core.package_identification:Package 'src/commstest' with type 'ros.ament_python' and name 'commstest'
[0.887s] Level 1:colcon.colcon_core.package_identification:_identify(src/drivetrain) by extensions ['ignore', 'ignore_ament_install']
[0.887s] Level 1:colcon.colcon_core.package_identification:_identify(src/drivetrain) by extension 'ignore'
[0.887s] Level 1:colcon.colcon_core.package_identification:_identify(src/drivetrain) by extension 'ignore_ament_install'
[0.888s] Level 1:colcon.colcon_core.package_identification:_identify(src/drivetrain) by extensions ['colcon_pkg']
[0.888s] Level 1:colcon.colcon_core.package_identification:_identify(src/drivetrain) by extension 'colcon_pkg'
[0.888s] Level 1:colcon.colcon_core.package_identification:_identify(src/drivetrain) by extensions ['colcon_meta']
[0.888s] Level 1:colcon.colcon_core.package_identification:_identify(src/drivetrain) by extension 'colcon_meta'
[0.888s] Level 1:colcon.colcon_core.package_identification:_identify(src/drivetrain) by extensions ['ros']
[0.888s] Level 1:colcon.colcon_core.package_identification:_identify(src/drivetrain) by extension 'ros'
[0.889s] DEBUG:colcon.colcon_core.package_identification:Package 'src/drivetrain' with type 'ros.ament_python' and name 'drivetrain'
[0.889s] Level 1:colcon.colcon_core.package_identification:_identify(src/ds4_driver) by extensions ['ignore', 'ignore_ament_install']
[0.889s] Level 1:colcon.colcon_core.package_identification:_identify(src/ds4_driver) by extension 'ignore'
[0.890s] Level 1:colcon.colcon_core.package_identification:_identify(src/ds4_driver) by extension 'ignore_ament_install'
[0.890s] Level 1:colcon.colcon_core.package_identification:_identify(src/ds4_driver) by extensions ['colcon_pkg']
[0.890s] Level 1:colcon.colcon_core.package_identification:_identify(src/ds4_driver) by extension 'colcon_pkg'
[0.890s] Level 1:colcon.colcon_core.package_identification:_identify(src/ds4_driver) by extensions ['colcon_meta']
[0.890s] Level 1:colcon.colcon_core.package_identification:_identify(src/ds4_driver) by extension 'colcon_meta'
[0.890s] Level 1:colcon.colcon_core.package_identification:_identify(src/ds4_driver) by extensions ['ros']
[0.890s] Level 1:colcon.colcon_core.package_identification:_identify(src/ds4_driver) by extension 'ros'
[0.890s] Level 1:colcon.colcon_core.package_identification:_identify(src/ds4_driver) by extensions ['cmake', 'python']
[0.890s] Level 1:colcon.colcon_core.package_identification:_identify(src/ds4_driver) by extension 'cmake'
[0.890s] Level 1:colcon.colcon_core.package_identification:_identify(src/ds4_driver) by extension 'python'
[0.891s] Level 1:colcon.colcon_core.package_identification:_identify(src/ds4_driver) by extensions ['python_setup_py']
[0.891s] Level 1:colcon.colcon_core.package_identification:_identify(src/ds4_driver) by extension 'python_setup_py'
[0.891s] Level 1:colcon.colcon_core.package_identification:_identify(src/ds4_driver/docker) by extensions ['ignore', 'ignore_ament_install']
[0.891s] Level 1:colcon.colcon_core.package_identification:_identify(src/ds4_driver/docker) by extension 'ignore'
[0.892s] Level 1:colcon.colcon_core.package_identification:_identify(src/ds4_driver/docker) by extension 'ignore_ament_install'
[0.892s] Level 1:colcon.colcon_core.package_identification:_identify(src/ds4_driver/docker) by extensions ['colcon_pkg']
[0.892s] Level 1:colcon.colcon_core.package_identification:_identify(src/ds4_driver/docker) by extension 'colcon_pkg'
[0.892s] Level 1:colcon.colcon_core.package_identification:_identify(src/ds4_driver/docker) by extensions ['colcon_meta']
[0.892s] Level 1:colcon.colcon_core.package_identification:_identify(src/ds4_driver/docker) by extension 'colcon_meta'
[0.892s] Level 1:colcon.colcon_core.package_identification:_identify(src/ds4_driver/docker) by extensions ['ros']
[0.892s] Level 1:colcon.colcon_core.package_identification:_identify(src/ds4_driver/docker) by extension 'ros'
[0.892s] Level 1:colcon.colcon_core.package_identification:_identify(src/ds4_driver/docker) by extensions ['cmake', 'python']
[0.892s] Level 1:colcon.colcon_core.package_identification:_identify(src/ds4_driver/docker) by extension 'cmake'
[0.892s] Level 1:colcon.colcon_core.package_identification:_identify(src/ds4_driver/docker) by extension 'python'
[0.892s] Level 1:colcon.colcon_core.package_identification:_identify(src/ds4_driver/docker) by extensions ['python_setup_py']
[0.892s] Level 1:colcon.colcon_core.package_identification:_identify(src/ds4_driver/docker) by extension 'python_setup_py'
[0.893s] Level 1:colcon.colcon_core.package_identification:_identify(src/ds4_driver/ds4_driver) by extensions ['ignore', 'ignore_ament_install']
[0.893s] Level 1:colcon.colcon_core.package_identification:_identify(src/ds4_driver/ds4_driver) by extension 'ignore'
[0.893s] Level 1:colcon.colcon_core.package_identification:_identify(src/ds4_driver/ds4_driver) by extension 'ignore_ament_install'
[0.893s] Level 1:colcon.colcon_core.package_identification:_identify(src/ds4_driver/ds4_driver) by extensions ['colcon_pkg']
[0.893s] Level 1:colcon.colcon_core.package_identification:_identify(src/ds4_driver/ds4_driver) by extension 'colcon_pkg'
[0.893s] Level 1:colcon.colcon_core.package_identification:_identify(src/ds4_driver/ds4_driver) by extensions ['colcon_meta']
[0.894s] Level 1:colcon.colcon_core.package_identification:_identify(src/ds4_driver/ds4_driver) by extension 'colcon_meta'
[0.894s] Level 1:colcon.colcon_core.package_identification:_identify(src/ds4_driver/ds4_driver) by extensions ['ros']
[0.894s] Level 1:colcon.colcon_core.package_identification:_identify(src/ds4_driver/ds4_driver) by extension 'ros'
[0.895s] DEBUG:colcon.colcon_core.package_identification:Package 'src/ds4_driver/ds4_driver' with type 'ros.ament_cmake' and name 'ds4_driver'
[0.896s] Level 1:colcon.colcon_core.package_identification:_identify(src/ds4_driver/ds4_driver_msgs) by extensions ['ignore', 'ignore_ament_install']
[0.896s] Level 1:colcon.colcon_core.package_identification:_identify(src/ds4_driver/ds4_driver_msgs) by extension 'ignore'
[0.896s] Level 1:colcon.colcon_core.package_identification:_identify(src/ds4_driver/ds4_driver_msgs) by extension 'ignore_ament_install'
[0.896s] Level 1:colcon.colcon_core.package_identification:_identify(src/ds4_driver/ds4_driver_msgs) by extensions ['colcon_pkg']
[0.896s] Level 1:colcon.colcon_core.package_identification:_identify(src/ds4_driver/ds4_driver_msgs) by extension 'colcon_pkg'
[0.896s] Level 1:colcon.colcon_core.package_identification:_identify(src/ds4_driver/ds4_driver_msgs) by extensions ['colcon_meta']
[0.897s] Level 1:colcon.colcon_core.package_identification:_identify(src/ds4_driver/ds4_driver_msgs) by extension 'colcon_meta'
[0.897s] Level 1:colcon.colcon_core.package_identification:_identify(src/ds4_driver/ds4_driver_msgs) by extensions ['ros']
[0.897s] Level 1:colcon.colcon_core.package_identification:_identify(src/ds4_driver/ds4_driver_msgs) by extension 'ros'
[0.898s] DEBUG:colcon.colcon_core.package_identification:Package 'src/ds4_driver/ds4_driver_msgs' with type 'ros.ament_cmake' and name 'ds4_driver_msgs'
[0.898s] Level 1:colcon.colcon_core.package_identification:_identify(src/ds4drv) by extensions ['ignore', 'ignore_ament_install']
[0.898s] Level 1:colcon.colcon_core.package_identification:_identify(src/ds4drv) by extension 'ignore'
[0.898s] Level 1:colcon.colcon_core.package_identification:_identify(src/ds4drv) by extension 'ignore_ament_install'
[0.898s] Level 1:colcon.colcon_core.package_identification:_identify(src/ds4drv) by extensions ['colcon_pkg']
[0.899s] Level 1:colcon.colcon_core.package_identification:_identify(src/ds4drv) by extension 'colcon_pkg'
[0.899s] Level 1:colcon.colcon_core.package_identification:_identify(src/ds4drv) by extensions ['colcon_meta']
[0.899s] Level 1:colcon.colcon_core.package_identification:_identify(src/ds4drv) by extension 'colcon_meta'
[0.899s] Level 1:colcon.colcon_core.package_identification:_identify(src/ds4drv) by extensions ['ros']
[0.899s] Level 1:colcon.colcon_core.package_identification:_identify(src/ds4drv) by extension 'ros'
[0.899s] Level 1:colcon.colcon_core.package_identification:_identify(src/ds4drv) by extensions ['cmake', 'python']
[0.899s] Level 1:colcon.colcon_core.package_identification:_identify(src/ds4drv) by extension 'cmake'
[0.899s] Level 1:colcon.colcon_core.package_identification:_identify(src/ds4drv) by extension 'python'
[0.900s] DEBUG:colcon.colcon_core.package_identification:Python package in 'src/ds4drv' passes arguments to the setup() function which requires a different identification extension than 'python'
[0.900s] Level 1:colcon.colcon_core.package_identification:_identify(src/ds4drv) by extensions ['python_setup_py']
[0.900s] Level 1:colcon.colcon_core.package_identification:_identify(src/ds4drv) by extension 'python_setup_py'
[1.397s] DEBUG:colcon.colcon_core.package_identification:Package 'src/ds4drv' with type 'python' and name 'ds4drv'
[1.398s] Level 1:colcon.colcon_core.package_identification:_identify(src/interfaces) by extensions ['ignore', 'ignore_ament_install']
[1.398s] Level 1:colcon.colcon_core.package_identification:_identify(src/interfaces) by extension 'ignore'
[1.398s] Level 1:colcon.colcon_core.package_identification:_identify(src/interfaces) by extension 'ignore_ament_install'
[1.398s] Level 1:colcon.colcon_core.package_identification:_identify(src/interfaces) by extensions ['colcon_pkg']
[1.398s] Level 1:colcon.colcon_core.package_identification:_identify(src/interfaces) by extension 'colcon_pkg'
[1.399s] Level 1:colcon.colcon_core.package_identification:_identify(src/interfaces) by extensions ['colcon_meta']
[1.399s] Level 1:colcon.colcon_core.package_identification:_identify(src/interfaces) by extension 'colcon_meta'
[1.399s] Level 1:colcon.colcon_core.package_identification:_identify(src/interfaces) by extensions ['ros']
[1.399s] Level 1:colcon.colcon_core.package_identification:_identify(src/interfaces) by extension 'ros'
[1.401s] DEBUG:colcon.colcon_core.package_identification:Package 'src/interfaces' with type 'ros.ament_cmake' and name 'interfaces'
[1.401s] Level 1:colcon.colcon_core.package_identification:_identify(src/launch) by extensions ['ignore', 'ignore_ament_install']
[1.402s] Level 1:colcon.colcon_core.package_identification:_identify(src/launch) by extension 'ignore'
[1.402s] Level 1:colcon.colcon_core.package_identification:_identify(src/launch) by extension 'ignore_ament_install'
[1.402s] Level 1:colcon.colcon_core.package_identification:_identify(src/launch) by extensions ['colcon_pkg']
[1.403s] Level 1:colcon.colcon_core.package_identification:_identify(src/launch) by extension 'colcon_pkg'
[1.403s] Level 1:colcon.colcon_core.package_identification:_identify(src/launch) by extensions ['colcon_meta']
[1.403s] Level 1:colcon.colcon_core.package_identification:_identify(src/launch) by extension 'colcon_meta'
[1.403s] Level 1:colcon.colcon_core.package_identification:_identify(src/launch) by extensions ['ros']
[1.403s] Level 1:colcon.colcon_core.package_identification:_identify(src/launch) by extension 'ros'
[1.404s] Level 1:colcon.colcon_core.package_identification:_identify(src/launch) by extensions ['cmake', 'python']
[1.404s] Level 1:colcon.colcon_core.package_identification:_identify(src/launch) by extension 'cmake'
[1.404s] Level 1:colcon.colcon_core.package_identification:_identify(src/launch) by extension 'python'
[1.404s] Level 1:colcon.colcon_core.package_identification:_identify(src/launch) by extensions ['python_setup_py']
[1.404s] Level 1:colcon.colcon_core.package_identification:_identify(src/launch) by extension 'python_setup_py'
[1.405s] Level 1:colcon.colcon_core.package_identification:_identify(src/navigation) by extensions ['ignore', 'ignore_ament_install']
[1.405s] Level 1:colcon.colcon_core.package_identification:_identify(src/navigation) by extension 'ignore'
[1.405s] Level 1:colcon.colcon_core.package_identification:_identify(src/navigation) by extension 'ignore_ament_install'
[1.406s] Level 1:colcon.colcon_core.package_identification:_identify(src/navigation) by extensions ['colcon_pkg']
[1.406s] Level 1:colcon.colcon_core.package_identification:_identify(src/navigation) by extension 'colcon_pkg'
[1.406s] Level 1:colcon.colcon_core.package_identification:_identify(src/navigation) by extensions ['colcon_meta']
[1.406s] Level 1:colcon.colcon_core.package_identification:_identify(src/navigation) by extension 'colcon_meta'
[1.406s] Level 1:colcon.colcon_core.package_identification:_identify(src/navigation) by extensions ['ros']
[1.406s] Level 1:colcon.colcon_core.package_identification:_identify(src/navigation) by extension 'ros'
[1.409s] DEBUG:colcon.colcon_core.package_identification:Package 'src/navigation' with type 'ros.ament_python' and name 'navigation'
[1.409s] Level 1:colcon.colcon_core.package_discovery:discover_packages(recursive) using defaults
[1.409s] Level 1:colcon.colcon_core.package_discovery:discover_packages(ignore) discover
[1.409s] Level 1:colcon.colcon_core.package_discovery:discover_packages(ignore) using defaults
[1.409s] Level 1:colcon.colcon_core.package_discovery:discover_packages(path) discover
[1.409s] Level 1:colcon.colcon_core.package_discovery:discover_packages(path) using defaults
[1.517s] Level 1:colcon.colcon_core.package_discovery:discover_packages(prefix_path) check parameters
[1.517s] Level 1:colcon.colcon_core.package_discovery:discover_packages(prefix_path) discover
[1.523s] DEBUG:colcon.colcon_installed_package_information.package_discovery:Found 0 installed packages in /home/terraformers/rover/install
[1.526s] DEBUG:colcon.colcon_installed_package_information.package_discovery:Found 315 installed packages in /opt/ros/humble
[1.528s] Level 1:colcon.colcon_core.package_discovery:discover_packages(prefix_path) using defaults
[1.605s] Level 5:colcon.colcon_core.verb:set package 'arm' build argument 'cmake_args' from command line to 'None'
[1.605s] Level 5:colcon.colcon_core.verb:set package 'arm' build argument 'cmake_target' from command line to 'None'
[1.605s] Level 5:colcon.colcon_core.verb:set package 'arm' build argument 'cmake_target_skip_unavailable' from command line to 'False'
[1.605s] Level 5:colcon.colcon_core.verb:set package 'arm' build argument 'cmake_clean_cache' from command line to 'False'
[1.605s] Level 5:colcon.colcon_core.verb:set package 'arm' build argument 'cmake_clean_first' from command line to 'False'
[1.605s] Level 5:colcon.colcon_core.verb:set package 'arm' build argument 'cmake_force_configure' from command line to 'False'
[1.605s] Level 5:colcon.colcon_core.verb:set package 'arm' build argument 'ament_cmake_args' from command line to 'None'
[1.605s] Level 5:colcon.colcon_core.verb:set package 'arm' build argument 'catkin_cmake_args' from command line to 'None'
[1.605s] Level 5:colcon.colcon_core.verb:set package 'arm' build argument 'catkin_skip_building_tests' from command line to 'False'
[1.605s] DEBUG:colcon.colcon_core.verb:Building package 'arm' with the following arguments: {'ament_cmake_args': None, 'build_base': '/home/terraformers/rover/build/arm', 'catkin_cmake_args': None, 'catkin_skip_building_tests': False, 'cmake_args': None, 'cmake_clean_cache': False, 'cmake_clean_first': False, 'cmake_force_configure': False, 'cmake_target': None, 'cmake_target_skip_unavailable': False, 'install_base': '/home/terraformers/rover/install/arm', 'merge_install': False, 'path': '/home/terraformers/rover/src/arm', 'symlink_install': False, 'test_result_base': None}
[1.606s] Level 5:colcon.colcon_core.verb:set package 'commstest' build argument 'cmake_args' from command line to 'None'
[1.606s] Level 5:colcon.colcon_core.verb:set package 'commstest' build argument 'cmake_target' from command line to 'None'
[1.606s] Level 5:colcon.colcon_core.verb:set package 'commstest' build argument 'cmake_target_skip_unavailable' from command line to 'False'
[1.606s] Level 5:colcon.colcon_core.verb:set package 'commstest' build argument 'cmake_clean_cache' from command line to 'False'
[1.606s] Level 5:colcon.colcon_core.verb:set package 'commstest' build argument 'cmake_clean_first' from command line to 'False'
[1.606s] Level 5:colcon.colcon_core.verb:set package 'commstest' build argument 'cmake_force_configure' from command line to 'False'
[1.606s] Level 5:colcon.colcon_core.verb:set package 'commstest' build argument 'ament_cmake_args' from command line to 'None'
[1.606s] Level 5:colcon.colcon_core.verb:set package 'commstest' build argument 'catkin_cmake_args' from command line to 'None'
[1.606s] Level 5:colcon.colcon_core.verb:set package 'commstest' build argument 'catkin_skip_building_tests' from command line to 'False'
[1.606s] DEBUG:colcon.colcon_core.verb:Building package 'commstest' with the following arguments: {'ament_cmake_args': None, 'build_base': '/home/terraformers/rover/build/commstest', 'catkin_cmake_args': None, 'catkin_skip_building_tests': False, 'cmake_args': None, 'cmake_clean_cache': False, 'cmake_clean_first': False, 'cmake_force_configure': False, 'cmake_target': None, 'cmake_target_skip_unavailable': False, 'install_base': '/home/terraformers/rover/install/commstest', 'merge_install': False, 'path': '/home/terraformers/rover/src/commstest', 'symlink_install': False, 'test_result_base': None}
[1.607s] Level 5:colcon.colcon_core.verb:set package 'drivetrain' build argument 'cmake_args' from command line to 'None'
[1.607s] Level 5:colcon.colcon_core.verb:set package 'drivetrain' build argument 'cmake_target' from command line to 'None'
[1.607s] Level 5:colcon.colcon_core.verb:set package 'drivetrain' build argument 'cmake_target_skip_unavailable' from command line to 'False'
[1.607s] Level 5:colcon.colcon_core.verb:set package 'drivetrain' build argument 'cmake_clean_cache' from command line to 'False'
[1.607s] Level 5:colcon.colcon_core.verb:set package 'drivetrain' build argument 'cmake_clean_first' from command line to 'False'
[1.607s] Level 5:colcon.colcon_core.verb:set package 'drivetrain' build argument 'cmake_force_configure' from command line to 'False'
[1.607s] Level 5:colcon.colcon_core.verb:set package 'drivetrain' build argument 'ament_cmake_args' from command line to 'None'
[1.607s] Level 5:colcon.colcon_core.verb:set package 'drivetrain' build argument 'catkin_cmake_args' from command line to 'None'
[1.607s] Level 5:colcon.colcon_core.verb:set package 'drivetrain' build argument 'catkin_skip_building_tests' from command line to 'False'
[1.607s] DEBUG:colcon.colcon_core.verb:Building package 'drivetrain' with the following arguments: {'ament_cmake_args': None, 'build_base': '/home/terraformers/rover/build/drivetrain', 'catkin_cmake_args': None, 'catkin_skip_building_tests': False, 'cmake_args': None, 'cmake_clean_cache': False, 'cmake_clean_first': False, 'cmake_force_configure': False, 'cmake_target': None, 'cmake_target_skip_unavailable': False, 'install_base': '/home/terraformers/rover/install/drivetrain', 'merge_install': False, 'path': '/home/terraformers/rover/src/drivetrain', 'symlink_install': False, 'test_result_base': None}
[1.608s] Level 5:colcon.colcon_core.verb:set package 'ds4_driver_msgs' build argument 'cmake_args' from command line to 'None'
[1.608s] Level 5:colcon.colcon_core.verb:set package 'ds4_driver_msgs' build argument 'cmake_target' from command line to 'None'
[1.608s] Level 5:colcon.colcon_core.verb:set package 'ds4_driver_msgs' build argument 'cmake_target_skip_unavailable' from command line to 'False'
[1.608s] Level 5:colcon.colcon_core.verb:set package 'ds4_driver_msgs' build argument 'cmake_clean_cache' from command line to 'False'
[1.608s] Level 5:colcon.colcon_core.verb:set package 'ds4_driver_msgs' build argument 'cmake_clean_first' from command line to 'False'
[1.608s] Level 5:colcon.colcon_core.verb:set package 'ds4_driver_msgs' build argument 'cmake_force_configure' from command line to 'False'
[1.608s] Level 5:colcon.colcon_core.verb:set package 'ds4_driver_msgs' build argument 'ament_cmake_args' from command line to 'None'
[1.608s] Level 5:colcon.colcon_core.verb:set package 'ds4_driver_msgs' build argument 'catkin_cmake_args' from command line to 'None'
[1.608s] Level 5:colcon.colcon_core.verb:set package 'ds4_driver_msgs' build argument 'catkin_skip_building_tests' from command line to 'False'
[1.608s] DEBUG:colcon.colcon_core.verb:Building package 'ds4_driver_msgs' with the following arguments: {'ament_cmake_args': None, 'build_base': '/home/terraformers/rover/build/ds4_driver_msgs', 'catkin_cmake_args': None, 'catkin_skip_building_tests': False, 'cmake_args': None, 'cmake_clean_cache': False, 'cmake_clean_first': False, 'cmake_force_configure': False, 'cmake_target': None, 'cmake_target_skip_unavailable': False, 'install_base': '/home/terraformers/rover/install/ds4_driver_msgs', 'merge_install': False, 'path': '/home/terraformers/rover/src/ds4_driver/ds4_driver_msgs', 'symlink_install': False, 'test_result_base': None}
[1.609s] Level 5:colcon.colcon_core.verb:set package 'ds4drv' build argument 'cmake_args' from command line to 'None'
[1.609s] Level 5:colcon.colcon_core.verb:set package 'ds4drv' build argument 'cmake_target' from command line to 'None'
[1.609s] Level 5:colcon.colcon_core.verb:set package 'ds4drv' build argument 'cmake_target_skip_unavailable' from command line to 'False'
[1.609s] Level 5:colcon.colcon_core.verb:set package 'ds4drv' build argument 'cmake_clean_cache' from command line to 'False'
[1.609s] Level 5:colcon.colcon_core.verb:set package 'ds4drv' build argument 'cmake_clean_first' from command line to 'False'
[1.609s] Level 5:colcon.colcon_core.verb:set package 'ds4drv' build argument 'cmake_force_configure' from command line to 'False'
[1.609s] Level 5:colcon.colcon_core.verb:set package 'ds4drv' build argument 'ament_cmake_args' from command line to 'None'
[1.609s] Level 5:colcon.colcon_core.verb:set package 'ds4drv' build argument 'catkin_cmake_args' from command line to 'None'
[1.609s] Level 5:colcon.colcon_core.verb:set package 'ds4drv' build argument 'catkin_skip_building_tests' from command line to 'False'
[1.609s] DEBUG:colcon.colcon_core.verb:Building package 'ds4drv' with the following arguments: {'ament_cmake_args': None, 'build_base': '/home/terraformers/rover/build/ds4drv', 'catkin_cmake_args': None, 'catkin_skip_building_tests': False, 'cmake_args': None, 'cmake_clean_cache': False, 'cmake_clean_first': False, 'cmake_force_configure': False, 'cmake_target': None, 'cmake_target_skip_unavailable': False, 'install_base': '/home/terraformers/rover/install/ds4drv', 'merge_install': False, 'path': '/home/terraformers/rover/src/ds4drv', 'symlink_install': False, 'test_result_base': None}
[1.610s] Level 5:colcon.colcon_core.verb:set package 'interfaces' build argument 'cmake_args' from command line to 'None'
[1.610s] Level 5:colcon.colcon_core.verb:set package 'interfaces' build argument 'cmake_target' from command line to 'None'
[1.610s] Level 5:colcon.colcon_core.verb:set package 'interfaces' build argument 'cmake_target_skip_unavailable' from command line to 'False'
[1.610s] Level 5:colcon.colcon_core.verb:set package 'interfaces' build argument 'cmake_clean_cache' from command line to 'False'
[1.610s] Level 5:colcon.colcon_core.verb:set package 'interfaces' build argument 'cmake_clean_first' from command line to 'False'
[1.610s] Level 5:colcon.colcon_core.verb:set package 'interfaces' build argument 'cmake_force_configure' from command line to 'False'
[1.610s] Level 5:colcon.colcon_core.verb:set package 'interfaces' build argument 'ament_cmake_args' from command line to 'None'
[1.610s] Level 5:colcon.colcon_core.verb:set package 'interfaces' build argument 'catkin_cmake_args' from command line to 'None'
[1.610s] Level 5:colcon.colcon_core.verb:set package 'interfaces' build argument 'catkin_skip_building_tests' from command line to 'False'
[1.610s] DEBUG:colcon.colcon_core.verb:Building package 'interfaces' with the following arguments: {'ament_cmake_args': None, 'build_base': '/home/terraformers/rover/build/interfaces', 'catkin_cmake_args': None, 'catkin_skip_building_tests': False, 'cmake_args': None, 'cmake_clean_cache': False, 'cmake_clean_first': False, 'cmake_force_configure': False, 'cmake_target': None, 'cmake_target_skip_unavailable': False, 'install_base': '/home/terraformers/rover/install/interfaces', 'merge_install': False, 'path': '/home/terraformers/rover/src/interfaces', 'symlink_install': False, 'test_result_base': None}
[1.611s] Level 5:colcon.colcon_core.verb:set package 'navigation' build argument 'cmake_args' from command line to 'None'
[1.611s] Level 5:colcon.colcon_core.verb:set package 'navigation' build argument 'cmake_target' from command line to 'None'
[1.611s] Level 5:colcon.colcon_core.verb:set package 'navigation' build argument 'cmake_target_skip_unavailable' from command line to 'False'
[1.611s] Level 5:colcon.colcon_core.verb:set package 'navigation' build argument 'cmake_clean_cache' from command line to 'False'
[1.611s] Level 5:colcon.colcon_core.verb:set package 'navigation' build argument 'cmake_clean_first' from command line to 'False'
[1.611s] Level 5:colcon.colcon_core.verb:set package 'navigation' build argument 'cmake_force_configure' from command line to 'False'
[1.611s] Level 5:colcon.colcon_core.verb:set package 'navigation' build argument 'ament_cmake_args' from command line to 'None'
[1.611s] Level 5:colcon.colcon_core.verb:set package 'navigation' build argument 'catkin_cmake_args' from command line to 'None'
[1.611s] Level 5:colcon.colcon_core.verb:set package 'navigation' build argument 'catkin_skip_building_tests' from command line to 'False'
[1.611s] DEBUG:colcon.colcon_core.verb:Building package 'navigation' with the following arguments: {'ament_cmake_args': None, 'build_base': '/home/terraformers/rover/build/navigation', 'catkin_cmake_args': None, 'catkin_skip_building_tests': False, 'cmake_args': None, 'cmake_clean_cache': False, 'cmake_clean_first': False, 'cmake_force_configure': False, 'cmake_target': None, 'cmake_target_skip_unavailable': False, 'install_base': '/home/terraformers/rover/install/navigation', 'merge_install': False, 'path': '/home/terraformers/rover/src/navigation', 'symlink_install': False, 'test_result_base': None}
[1.612s] Level 5:colcon.colcon_core.verb:set package 'ds4_driver' build argument 'cmake_args' from command line to 'None'
[1.612s] Level 5:colcon.colcon_core.verb:set package 'ds4_driver' build argument 'cmake_target' from command line to 'None'
[1.612s] Level 5:colcon.colcon_core.verb:set package 'ds4_driver' build argument 'cmake_target_skip_unavailable' from command line to 'False'
[1.612s] Level 5:colcon.colcon_core.verb:set package 'ds4_driver' build argument 'cmake_clean_cache' from command line to 'False'
[1.612s] Level 5:colcon.colcon_core.verb:set package 'ds4_driver' build argument 'cmake_clean_first' from command line to 'False'
[1.612s] Level 5:colcon.colcon_core.verb:set package 'ds4_driver' build argument 'cmake_force_configure' from command line to 'False'
[1.612s] Level 5:colcon.colcon_core.verb:set package 'ds4_driver' build argument 'ament_cmake_args' from command line to 'None'
[1.612s] Level 5:colcon.colcon_core.verb:set package 'ds4_driver' build argument 'catkin_cmake_args' from command line to 'None'
[1.612s] Level 5:colcon.colcon_core.verb:set package 'ds4_driver' build argument 'catkin_skip_building_tests' from command line to 'False'
[1.612s] DEBUG:colcon.colcon_core.verb:Building package 'ds4_driver' with the following arguments: {'ament_cmake_args': None, 'build_base': '/home/terraformers/rover/build/ds4_driver', 'catkin_cmake_args': None, 'catkin_skip_building_tests': False, 'cmake_args': None, 'cmake_clean_cache': False, 'cmake_clean_first': False, 'cmake_force_configure': False, 'cmake_target': None, 'cmake_target_skip_unavailable': False, 'install_base': '/home/terraformers/rover/install/ds4_driver', 'merge_install': False, 'path': '/home/terraformers/rover/src/ds4_driver/ds4_driver', 'symlink_install': False, 'test_result_base': None}
[1.612s] INFO:colcon.colcon_core.executor:Executing jobs using 'parallel' executor
[1.614s] DEBUG:colcon.colcon_parallel_executor.executor.parallel:run_until_complete
[1.615s] INFO:colcon.colcon_ros.task.ament_cmake.build:Building ROS package in '/home/terraformers/rover/src/ds4_driver/ds4_driver_msgs' with build type 'ament_cmake'
[1.615s] INFO:colcon.colcon_cmake.task.cmake.build:Building CMake package in '/home/terraformers/rover/src/ds4_driver/ds4_driver_msgs'
[1.625s] INFO:colcon.colcon_core.plugin_system:Skipping extension 'colcon_core.shell.bat': Not used on non-Windows systems
[1.625s] INFO:colcon.colcon_core.shell:Skip shell extension 'powershell' for command environment: Not usable outside of PowerShell
[1.626s] DEBUG:colcon.colcon_core.shell:Skip shell extension 'dsv' for command environment
[1.632s] INFO:colcon.colcon_ros.task.ament_python.build:Building ROS package in '/home/terraformers/rover/src/arm' with build type 'ament_python'
[1.632s] Level 1:colcon.colcon_core.shell:create_environment_hook('arm', 'ament_prefix_path')
[1.632s] INFO:colcon.colcon_core.shell:Creating environment hook '/home/terraformers/rover/install/arm/share/arm/hook/ament_prefix_path.ps1'
[1.635s] INFO:colcon.colcon_core.shell:Creating environment descriptor '/home/terraformers/rover/install/arm/share/arm/hook/ament_prefix_path.dsv'
[1.636s] INFO:colcon.colcon_core.shell:Creating environment hook '/home/terraformers/rover/install/arm/share/arm/hook/ament_prefix_path.sh'
[1.637s] INFO:colcon.colcon_core.shell:Skip shell extension 'powershell' for command environment: Not usable outside of PowerShell
[1.637s] DEBUG:colcon.colcon_core.shell:Skip shell extension 'dsv' for command environment
[1.642s] INFO:colcon.colcon_ros.task.ament_python.build:Building ROS package in '/home/terraformers/rover/src/commstest' with build type 'ament_python'
[1.642s] Level 1:colcon.colcon_core.shell:create_environment_hook('commstest', 'ament_prefix_path')
[1.643s] INFO:colcon.colcon_core.shell:Creating environment hook '/home/terraformers/rover/install/commstest/share/commstest/hook/ament_prefix_path.ps1'
[1.644s] INFO:colcon.colcon_core.shell:Creating environment descriptor '/home/terraformers/rover/install/commstest/share/commstest/hook/ament_prefix_path.dsv'
[1.644s] INFO:colcon.colcon_core.shell:Creating environment hook '/home/terraformers/rover/install/commstest/share/commstest/hook/ament_prefix_path.sh'
[1.645s] INFO:colcon.colcon_core.shell:Skip shell extension 'powershell' for command environment: Not usable outside of PowerShell
[1.645s] DEBUG:colcon.colcon_core.shell:Skip shell extension 'dsv' for command environment
[1.650s] INFO:colcon.colcon_ros.task.ament_python.build:Building ROS package in '/home/terraformers/rover/src/drivetrain' with build type 'ament_python'
[1.650s] Level 1:colcon.colcon_core.shell:create_environment_hook('drivetrain', 'ament_prefix_path')
[1.651s] INFO:colcon.colcon_core.shell:Creating environment hook '/home/terraformers/rover/install/drivetrain/share/drivetrain/hook/ament_prefix_path.ps1'
[1.652s] INFO:colcon.colcon_core.shell:Creating environment descriptor '/home/terraformers/rover/install/drivetrain/share/drivetrain/hook/ament_prefix_path.dsv'
[1.652s] INFO:colcon.colcon_core.shell:Creating environment hook '/home/terraformers/rover/install/drivetrain/share/drivetrain/hook/ament_prefix_path.sh'
[1.653s] INFO:colcon.colcon_core.shell:Skip shell extension 'powershell' for command environment: Not usable outside of PowerShell
[1.653s] DEBUG:colcon.colcon_core.shell:Skip shell extension 'dsv' for command environment
[1.658s] INFO:colcon.colcon_core.task.python.build:Building Python package in '/home/terraformers/rover/src/ds4drv'
[1.659s] INFO:colcon.colcon_core.shell:Skip shell extension 'powershell' for command environment: Not usable outside of PowerShell
[1.659s] DEBUG:colcon.colcon_core.shell:Skip shell extension 'dsv' for command environment
[1.665s] INFO:colcon.colcon_ros.task.ament_cmake.build:Building ROS package in '/home/terraformers/rover/src/interfaces' with build type 'ament_cmake'
[1.665s] INFO:colcon.colcon_cmake.task.cmake.build:Building CMake package in '/home/terraformers/rover/src/interfaces'
[1.666s] INFO:colcon.colcon_core.shell:Skip shell extension 'powershell' for command environment: Not usable outside of PowerShell
[1.666s] DEBUG:colcon.colcon_core.shell:Skip shell extension 'dsv' for command environment
[1.671s] INFO:colcon.colcon_ros.task.ament_python.build:Building ROS package in '/home/terraformers/rover/src/navigation' with build type 'ament_python'
[1.671s] Level 1:colcon.colcon_core.shell:create_environment_hook('navigation', 'ament_prefix_path')
[1.671s] INFO:colcon.colcon_core.shell:Creating environment hook '/home/terraformers/rover/install/navigation/share/navigation/hook/ament_prefix_path.ps1'
[1.673s] INFO:colcon.colcon_core.shell:Creating environment descriptor '/home/terraformers/rover/install/navigation/share/navigation/hook/ament_prefix_path.dsv'
[1.673s] INFO:colcon.colcon_core.shell:Creating environment hook '/home/terraformers/rover/install/navigation/share/navigation/hook/ament_prefix_path.sh'
[1.674s] INFO:colcon.colcon_core.shell:Skip shell extension 'powershell' for command environment: Not usable outside of PowerShell
[1.674s] DEBUG:colcon.colcon_core.shell:Skip shell extension 'dsv' for command environment
[1.691s] DEBUG:colcon.colcon_core.event_handler.log_command:Invoking command in '/home/terraformers/rover/build/ds4_driver_msgs': CMAKE_PREFIX_PATH=/opt/ros/humble /usr/bin/cmake /home/terraformers/rover/src/ds4_driver/ds4_driver_msgs -DCMAKE_INSTALL_PREFIX=/home/terraformers/rover/install/ds4_driver_msgs
[2.179s] INFO:colcon.colcon_core.task.python.build:Building Python package in '/home/terraformers/rover/src/arm'
[2.180s] INFO:colcon.colcon_core.shell:Skip shell extension 'powershell' for command environment: Not usable outside of PowerShell
[2.180s] DEBUG:colcon.colcon_core.shell:Skip shell extension 'dsv' for command environment
[2.668s] INFO:colcon.colcon_core.task.python.build:Building Python package in '/home/terraformers/rover/src/commstest'
[2.669s] INFO:colcon.colcon_core.shell:Skip shell extension 'powershell' for command environment: Not usable outside of PowerShell
[2.669s] DEBUG:colcon.colcon_core.shell:Skip shell extension 'dsv' for command environment
[3.173s] INFO:colcon.colcon_core.task.python.build:Building Python package in '/home/terraformers/rover/src/drivetrain'
[3.174s] INFO:colcon.colcon_core.shell:Skip shell extension 'powershell' for command environment: Not usable outside of PowerShell
[3.174s] DEBUG:colcon.colcon_core.shell:Skip shell extension 'dsv' for command environment
[3.684s] DEBUG:colcon.colcon_core.event_handler.log_command:Invoking command in '/home/terraformers/rover/build/interfaces': CMAKE_PREFIX_PATH=/opt/ros/humble /usr/bin/cmake /home/terraformers/rover/src/interfaces -DCMAKE_INSTALL_PREFIX=/home/terraformers/rover/install/interfaces
[4.198s] INFO:colcon.colcon_core.task.python.build:Building Python package in '/home/terraformers/rover/src/navigation'
[4.200s] INFO:colcon.colcon_core.shell:Skip shell extension 'powershell' for command environment: Not usable outside of PowerShell
[4.200s] DEBUG:colcon.colcon_core.shell:Skip shell extension 'dsv' for command environment
[4.466s] DEBUG:colcon.colcon_core.event_handler.log_command:Invoking command in '/home/terraformers/rover/src/ds4drv': PYTHONPATH=/home/terraformers/rover/build/ds4drv/prefix_override:/home/terraformers/rover/install/ds4drv/lib/python3.10/site-packages:${PYTHONPATH} /usr/bin/python3 -W ignore:setup.py install is deprecated setup.py egg_info --egg-base ../../build/ds4drv build --build-base /home/terraformers/rover/build/ds4drv/build install --record /home/terraformers/rover/build/ds4drv/install.log --single-version-externally-managed
[4.930s] DEBUG:colcon.colcon_core.event_handler.log_command:Invoking command in '/home/terraformers/rover/src/arm': PYTHONPATH=/home/terraformers/rover/build/arm/prefix_override:/home/terraformers/rover/install/arm/lib/python3.10/site-packages:${PYTHONPATH} /usr/bin/python3 -W ignore:setup.py install is deprecated setup.py egg_info --egg-base ../../build/arm build --build-base /home/terraformers/rover/build/arm/build install --record /home/terraformers/rover/build/arm/install.log --single-version-externally-managed install_data
[4.932s] DEBUG:colcon.colcon_core.event_handler.log_command:Invoking command in '/home/terraformers/rover/src/commstest': PYTHONPATH=/home/terraformers/rover/build/commstest/prefix_override:/home/terraformers/rover/install/commstest/lib/python3.10/site-packages:${PYTHONPATH} /usr/bin/python3 -W ignore:setup.py install is deprecated setup.py egg_info --egg-base ../../build/commstest build --build-base /home/terraformers/rover/build/commstest/build install --record /home/terraformers/rover/build/commstest/install.log --single-version-externally-managed install_data
[4.935s] DEBUG:colcon.colcon_core.event_handler.log_command:Invoked command in '/home/terraformers/rover/build/interfaces' returned '0': CMAKE_PREFIX_PATH=/opt/ros/humble /usr/bin/cmake /home/terraformers/rover/src/interfaces -DCMAKE_INSTALL_PREFIX=/home/terraformers/rover/install/interfaces
[4.938s] DEBUG:colcon.colcon_core.event_handler.log_command:Invoking command in '/home/terraformers/rover/build/interfaces': CMAKE_PREFIX_PATH=/opt/ros/humble /usr/bin/cmake --build /home/terraformers/rover/build/interfaces -- -j8 -l8
[4.946s] DEBUG:colcon.colcon_core.event_handler.log_command:Invoking command in '/home/terraformers/rover/src/drivetrain': PYTHONPATH=/home/terraformers/rover/build/drivetrain/prefix_override:/home/terraformers/rover/install/drivetrain/lib/python3.10/site-packages:${PYTHONPATH} /usr/bin/python3 -W ignore:setup.py install is deprecated setup.py egg_info --egg-base ../../build/drivetrain build --build-base /home/terraformers/rover/build/drivetrain/build install --record /home/terraformers/rover/build/drivetrain/install.log --single-version-externally-managed install_data
[4.950s] DEBUG:colcon.colcon_core.event_handler.log_command:Invoking command in '/home/terraformers/rover/src/navigation': PYTHONPATH=/home/terraformers/rover/build/navigation/prefix_override:/home/terraformers/rover/install/navigation/lib/python3.10/site-packages:${PYTHONPATH} /usr/bin/python3 -W ignore:setup.py install is deprecated setup.py egg_info --egg-base ../../build/navigation build --build-base /home/terraformers/rover/build/navigation/build install --record /home/terraformers/rover/build/navigation/install.log --single-version-externally-managed install_data
[5.045s] DEBUG:colcon.colcon_core.event_handler.log_command:Invoked command in '/home/terraformers/rover/build/interfaces' returned '0': CMAKE_PREFIX_PATH=/opt/ros/humble /usr/bin/cmake --build /home/terraformers/rover/build/interfaces -- -j8 -l8
[5.120s] DEBUG:colcon.colcon_core.event_handler.log_command:Invoking command in '/home/terraformers/rover/build/interfaces': CMAKE_PREFIX_PATH=/opt/ros/humble /usr/bin/cmake --install /home/terraformers/rover/build/interfaces
[5.262s] Level 1:colcon.colcon_core.environment:create_environment_scripts_only(interfaces)
[5.265s] DEBUG:colcon.colcon_core.event_handler.log_command:Invoked command in '/home/terraformers/rover/build/interfaces' returned '0': CMAKE_PREFIX_PATH=/opt/ros/humble /usr/bin/cmake --install /home/terraformers/rover/build/interfaces
[5.276s] Level 1:colcon.colcon_core.environment:checking '/home/terraformers/rover/install/interfaces' for CMake module files
[5.277s] Level 1:colcon.colcon_core.environment:checking '/home/terraformers/rover/install/interfaces' for CMake config files
[5.277s] Level 1:colcon.colcon_core.shell:create_environment_hook('interfaces', 'cmake_prefix_path')
[5.278s] INFO:colcon.colcon_core.shell:Creating environment hook '/home/terraformers/rover/install/interfaces/share/interfaces/hook/cmake_prefix_path.ps1'
[5.279s] INFO:colcon.colcon_core.shell:Creating environment descriptor '/home/terraformers/rover/install/interfaces/share/interfaces/hook/cmake_prefix_path.dsv'
[5.279s] INFO:colcon.colcon_core.shell:Creating environment hook '/home/terraformers/rover/install/interfaces/share/interfaces/hook/cmake_prefix_path.sh'
[5.280s] Level 1:colcon.colcon_core.environment:checking '/home/terraformers/rover/install/interfaces/bin'
[5.281s] Level 1:colcon.colcon_core.environment:checking '/home/terraformers/rover/install/interfaces/lib/pkgconfig/interfaces.pc'
[5.281s] Level 1:colcon.colcon_core.environment:checking '/home/terraformers/rover/install/interfaces/lib/python3.10/site-packages'
[5.281s] Level 1:colcon.colcon_core.environment:checking '/home/terraformers/rover/install/interfaces/bin'
[5.282s] INFO:colcon.colcon_core.shell:Creating package script '/home/terraformers/rover/install/interfaces/share/interfaces/package.ps1'
[5.284s] INFO:colcon.colcon_core.shell:Creating package descriptor '/home/terraformers/rover/install/interfaces/share/interfaces/package.dsv'
[5.285s] INFO:colcon.colcon_core.shell:Creating package script '/home/terraformers/rover/install/interfaces/share/interfaces/package.sh'
[5.287s] INFO:colcon.colcon_core.shell:Creating package script '/home/terraformers/rover/install/interfaces/share/interfaces/package.bash'
[5.289s] INFO:colcon.colcon_core.shell:Creating package script '/home/terraformers/rover/install/interfaces/share/interfaces/package.zsh'
[5.290s] Level 1:colcon.colcon_core.environment:create_file_with_runtime_dependencies(/home/terraformers/rover/install/interfaces/share/colcon-core/packages/interfaces)
[5.293s] Level 1:colcon.colcon_core.environment:checking '/home/terraformers/rover/install/ds4drv' for CMake module files
[5.294s] Level 1:colcon.colcon_core.environment:checking '/home/terraformers/rover/install/ds4drv' for CMake config files
[5.295s] Level 1:colcon.colcon_core.environment:checking '/home/terraformers/rover/install/ds4drv/lib'
[5.296s] Level 1:colcon.colcon_core.environment:checking '/home/terraformers/rover/install/ds4drv/bin'
[5.296s] Level 1:colcon.colcon_core.shell:create_environment_hook('ds4drv', 'path')
[5.296s] INFO:colcon.colcon_core.shell:Creating environment hook '/home/terraformers/rover/install/ds4drv/share/ds4drv/hook/path.ps1'
[5.297s] INFO:colcon.colcon_core.shell:Creating environment descriptor '/home/terraformers/rover/install/ds4drv/share/ds4drv/hook/path.dsv'
[5.298s] INFO:colcon.colcon_core.shell:Creating environment hook '/home/terraformers/rover/install/ds4drv/share/ds4drv/hook/path.sh'
[5.299s] DEBUG:colcon.colcon_core.event_handler.log_command:Invoked command in '/home/terraformers/rover/src/ds4drv' returned '0': PYTHONPATH=/home/terraformers/rover/build/ds4drv/prefix_override:/home/terraformers/rover/install/ds4drv/lib/python3.10/site-packages:${PYTHONPATH} /usr/bin/python3 -W ignore:setup.py install is deprecated setup.py egg_info --egg-base ../../build/ds4drv build --build-base /home/terraformers/rover/build/ds4drv/build install --record /home/terraformers/rover/build/ds4drv/install.log --single-version-externally-managed
[5.300s] Level 1:colcon.colcon_core.environment:checking '/home/terraformers/rover/install/ds4drv/lib/pkgconfig/ds4drv.pc'
[5.300s] Level 1:colcon.colcon_core.environment:checking '/home/terraformers/rover/install/ds4drv/lib/python3.10/site-packages'
[5.301s] Level 1:colcon.colcon_core.shell:create_environment_hook('ds4drv', 'pythonpath')
[5.301s] INFO:colcon.colcon_core.shell:Creating environment hook '/home/terraformers/rover/install/ds4drv/share/ds4drv/hook/pythonpath.ps1'
[5.302s] INFO:colcon.colcon_core.shell:Creating environment descriptor '/home/terraformers/rover/install/ds4drv/share/ds4drv/hook/pythonpath.dsv'
[5.302s] INFO:colcon.colcon_core.shell:Creating environment hook '/home/terraformers/rover/install/ds4drv/share/ds4drv/hook/pythonpath.sh'
[5.303s] Level 1:colcon.colcon_core.environment:checking '/home/terraformers/rover/install/ds4drv/bin'
[5.304s] Level 1:colcon.colcon_core.shell:create_environment_hook('ds4drv', 'pythonscriptspath')
[5.304s] INFO:colcon.colcon_core.shell:Creating environment hook '/home/terraformers/rover/install/ds4drv/share/ds4drv/hook/pythonscriptspath.ps1'
[5.305s] INFO:colcon.colcon_core.shell:Creating environment descriptor '/home/terraformers/rover/install/ds4drv/share/ds4drv/hook/pythonscriptspath.dsv'
[5.305s] INFO:colcon.colcon_core.shell:Creating environment hook '/home/terraformers/rover/install/ds4drv/share/ds4drv/hook/pythonscriptspath.sh'
[5.306s] Level 1:colcon.colcon_core.environment:create_environment_scripts_only(ds4drv)
[5.307s] INFO:colcon.colcon_core.shell:Creating package script '/home/terraformers/rover/install/ds4drv/share/ds4drv/package.ps1'
[5.308s] INFO:colcon.colcon_core.shell:Creating package descriptor '/home/terraformers/rover/install/ds4drv/share/ds4drv/package.dsv'
[5.309s] INFO:colcon.colcon_core.shell:Creating package script '/home/terraformers/rover/install/ds4drv/share/ds4drv/package.sh'
[5.309s] INFO:colcon.colcon_core.shell:Creating package script '/home/terraformers/rover/install/ds4drv/share/ds4drv/package.bash'
[5.310s] INFO:colcon.colcon_core.shell:Creating package script '/home/terraformers/rover/install/ds4drv/share/ds4drv/package.zsh'
[5.311s] Level 1:colcon.colcon_core.environment:create_file_with_runtime_dependencies(/home/terraformers/rover/install/ds4drv/share/colcon-core/packages/ds4drv)
[5.331s] Level 1:colcon.colcon_core.environment:create_environment_scripts_only(interfaces)
[5.331s] Level 1:colcon.colcon_core.environment:checking '/home/terraformers/rover/install/interfaces' for CMake module files
[5.332s] Level 1:colcon.colcon_core.environment:checking '/home/terraformers/rover/install/interfaces' for CMake config files
[5.333s] Level 1:colcon.colcon_core.shell:create_environment_hook('interfaces', 'cmake_prefix_path')
[5.333s] INFO:colcon.colcon_core.shell:Creating environment hook '/home/terraformers/rover/install/interfaces/share/interfaces/hook/cmake_prefix_path.ps1'
[5.335s] INFO:colcon.colcon_core.shell:Creating environment descriptor '/home/terraformers/rover/install/interfaces/share/interfaces/hook/cmake_prefix_path.dsv'
[5.336s] INFO:colcon.colcon_core.shell:Creating environment hook '/home/terraformers/rover/install/interfaces/share/interfaces/hook/cmake_prefix_path.sh'
[5.337s] Level 1:colcon.colcon_core.environment:checking '/home/terraformers/rover/install/interfaces/bin'
[5.337s] Level 1:colcon.colcon_core.environment:checking '/home/terraformers/rover/install/interfaces/lib/pkgconfig/interfaces.pc'
[5.337s] Level 1:colcon.colcon_core.environment:checking '/home/terraformers/rover/install/interfaces/lib/python3.10/site-packages'
[5.338s] Level 1:colcon.colcon_core.environment:checking '/home/terraformers/rover/install/interfaces/bin'
[5.338s] INFO:colcon.colcon_core.shell:Creating package script '/home/terraformers/rover/install/interfaces/share/interfaces/package.ps1'
[5.340s] INFO:colcon.colcon_core.shell:Creating package descriptor '/home/terraformers/rover/install/interfaces/share/interfaces/package.dsv'
[5.341s] INFO:colcon.colcon_core.shell:Creating package script '/home/terraformers/rover/install/interfaces/share/interfaces/package.sh'
[5.342s] INFO:colcon.colcon_core.shell:Creating package script '/home/terraformers/rover/install/interfaces/share/interfaces/package.bash'
[5.343s] INFO:colcon.colcon_core.shell:Creating package script '/home/terraformers/rover/install/interfaces/share/interfaces/package.zsh'
[5.344s] Level 1:colcon.colcon_core.environment:create_file_with_runtime_dependencies(/home/terraformers/rover/install/interfaces/share/colcon-core/packages/interfaces)
[5.550s] Level 1:colcon.colcon_core.environment:checking '/home/terraformers/rover/install/arm' for CMake module files
[5.552s] DEBUG:colcon.colcon_core.event_handler.log_command:Invoked command in '/home/terraformers/rover/src/arm' returned '0': PYTHONPATH=/home/terraformers/rover/build/arm/prefix_override:/home/terraformers/rover/install/arm/lib/python3.10/site-packages:${PYTHONPATH} /usr/bin/python3 -W ignore:setup.py install is deprecated setup.py egg_info --egg-base ../../build/arm build --build-base /home/terraformers/rover/build/arm/build install --record /home/terraformers/rover/build/arm/install.log --single-version-externally-managed install_data
[5.552s] Level 1:colcon.colcon_core.environment:checking '/home/terraformers/rover/install/arm' for CMake config files
[5.554s] Level 1:colcon.colcon_core.environment:checking '/home/terraformers/rover/install/arm/lib'
[5.554s] Level 1:colcon.colcon_core.environment:checking '/home/terraformers/rover/install/arm/bin'
[5.554s] Level 1:colcon.colcon_core.environment:checking '/home/terraformers/rover/install/arm/lib/pkgconfig/arm.pc'
[5.554s] Level 1:colcon.colcon_core.environment:checking '/home/terraformers/rover/install/arm/lib/python3.10/site-packages'
[5.555s] Level 1:colcon.colcon_core.shell:create_environment_hook('arm', 'pythonpath')
[5.555s] INFO:colcon.colcon_core.shell:Creating environment hook '/home/terraformers/rover/install/arm/share/arm/hook/pythonpath.ps1'
[5.556s] INFO:colcon.colcon_core.shell:Creating environment descriptor '/home/terraformers/rover/install/arm/share/arm/hook/pythonpath.dsv'
[5.557s] INFO:colcon.colcon_core.shell:Creating environment hook '/home/terraformers/rover/install/arm/share/arm/hook/pythonpath.sh'
[5.558s] Level 1:colcon.colcon_core.environment:checking '/home/terraformers/rover/install/arm/bin'
[5.558s] Level 1:colcon.colcon_core.environment:create_environment_scripts_only(arm)
[5.559s] INFO:colcon.colcon_core.shell:Creating package script '/home/terraformers/rover/install/arm/share/arm/package.ps1'
[5.560s] INFO:colcon.colcon_core.shell:Creating package descriptor '/home/terraformers/rover/install/arm/share/arm/package.dsv'
[5.560s] INFO:colcon.colcon_core.shell:Creating package script '/home/terraformers/rover/install/arm/share/arm/package.sh'
[5.561s] INFO:colcon.colcon_core.shell:Creating package script '/home/terraformers/rover/install/arm/share/arm/package.bash'
[5.562s] INFO:colcon.colcon_core.shell:Creating package script '/home/terraformers/rover/install/arm/share/arm/package.zsh'
[5.562s] Level 1:colcon.colcon_core.environment:create_file_with_runtime_dependencies(/home/terraformers/rover/install/arm/share/colcon-core/packages/arm)
[5.565s] Level 1:colcon.colcon_core.environment:checking '/home/terraformers/rover/install/commstest' for CMake module files
[5.566s] DEBUG:colcon.colcon_core.event_handler.log_command:Invoked command in '/home/terraformers/rover/src/commstest' returned '0': PYTHONPATH=/home/terraformers/rover/build/commstest/prefix_override:/home/terraformers/rover/install/commstest/lib/python3.10/site-packages:${PYTHONPATH} /usr/bin/python3 -W ignore:setup.py install is deprecated setup.py egg_info --egg-base ../../build/commstest build --build-base /home/terraformers/rover/build/commstest/build install --record /home/terraformers/rover/build/commstest/install.log --single-version-externally-managed install_data
[5.567s] Level 1:colcon.colcon_core.environment:checking '/home/terraformers/rover/install/commstest' for CMake config files
[5.568s] Level 1:colcon.colcon_core.environment:checking '/home/terraformers/rover/install/commstest/lib'
[5.568s] Level 1:colcon.colcon_core.environment:checking '/home/terraformers/rover/install/commstest/bin'
[5.568s] Level 1:colcon.colcon_core.environment:checking '/home/terraformers/rover/install/commstest/lib/pkgconfig/commstest.pc'
[5.569s] Level 1:colcon.colcon_core.environment:checking '/home/terraformers/rover/install/commstest/lib/python3.10/site-packages'
[5.569s] Level 1:colcon.colcon_core.shell:create_environment_hook('commstest', 'pythonpath')
[5.569s] INFO:colcon.colcon_core.shell:Creating environment hook '/home/terraformers/rover/install/commstest/share/commstest/hook/pythonpath.ps1'
[5.570s] INFO:colcon.colcon_core.shell:Creating environment descriptor '/home/terraformers/rover/install/commstest/share/commstest/hook/pythonpath.dsv'
[5.571s] INFO:colcon.colcon_core.shell:Creating environment hook '/home/terraformers/rover/install/commstest/share/commstest/hook/pythonpath.sh'
[5.572s] Level 1:colcon.colcon_core.environment:checking '/home/terraformers/rover/install/commstest/bin'
[5.572s] Level 1:colcon.colcon_core.environment:create_environment_scripts_only(commstest)
[5.573s] INFO:colcon.colcon_core.shell:Creating package script '/home/terraformers/rover/install/commstest/share/commstest/package.ps1'
[5.573s] INFO:colcon.colcon_core.shell:Creating package descriptor '/home/terraformers/rover/install/commstest/share/commstest/package.dsv'
[5.574s] INFO:colcon.colcon_core.shell:Creating package script '/home/terraformers/rover/install/commstest/share/commstest/package.sh'
[5.575s] INFO:colcon.colcon_core.shell:Creating package script '/home/terraformers/rover/install/commstest/share/commstest/package.bash'
[5.576s] INFO:colcon.colcon_core.shell:Creating package script '/home/terraformers/rover/install/commstest/share/commstest/package.zsh'
[5.576s] Level 1:colcon.colcon_core.environment:create_file_with_runtime_dependencies(/home/terraformers/rover/install/commstest/share/colcon-core/packages/commstest)
[5.579s] Level 1:colcon.colcon_core.environment:checking '/home/terraformers/rover/install/navigation' for CMake module files
[5.580s] DEBUG:colcon.colcon_core.event_handler.log_command:Invoked command in '/home/terraformers/rover/src/navigation' returned '0': PYTHONPATH=/home/terraformers/rover/build/navigation/prefix_override:/home/terraformers/rover/install/navigation/lib/python3.10/site-packages:${PYTHONPATH} /usr/bin/python3 -W ignore:setup.py install is deprecated setup.py egg_info --egg-base ../../build/navigation build --build-base /home/terraformers/rover/build/navigation/build install --record /home/terraformers/rover/build/navigation/install.log --single-version-externally-managed install_data
[5.581s] Level 1:colcon.colcon_core.environment:checking '/home/terraformers/rover/install/navigation' for CMake config files
[5.582s] Level 1:colcon.colcon_core.environment:checking '/home/terraformers/rover/install/navigation/lib'
[5.582s] Level 1:colcon.colcon_core.environment:checking '/home/terraformers/rover/install/navigation/bin'
[5.582s] Level 1:colcon.colcon_core.environment:checking '/home/terraformers/rover/install/navigation/lib/pkgconfig/navigation.pc'
[5.582s] Level 1:colcon.colcon_core.environment:checking '/home/terraformers/rover/install/navigation/lib/python3.10/site-packages'
[5.583s] Level 1:colcon.colcon_core.shell:create_environment_hook('navigation', 'pythonpath')
[5.583s] INFO:colcon.colcon_core.shell:Creating environment hook '/home/terraformers/rover/install/navigation/share/navigation/hook/pythonpath.ps1'
[5.584s] INFO:colcon.colcon_core.shell:Creating environment descriptor '/home/terraformers/rover/install/navigation/share/navigation/hook/pythonpath.dsv'
[5.584s] INFO:colcon.colcon_core.shell:Creating environment hook '/home/terraformers/rover/install/navigation/share/navigation/hook/pythonpath.sh'
[5.585s] Level 1:colcon.colcon_core.environment:checking '/home/terraformers/rover/install/navigation/bin'
[5.585s] Level 1:colcon.colcon_core.environment:create_environment_scripts_only(navigation)
[5.586s] INFO:colcon.colcon_core.shell:Creating package script '/home/terraformers/rover/install/navigation/share/navigation/package.ps1'
[5.588s] INFO:colcon.colcon_core.shell:Creating package descriptor '/home/terraformers/rover/install/navigation/share/navigation/package.dsv'
[5.588s] INFO:colcon.colcon_core.shell:Creating package script '/home/terraformers/rover/install/navigation/share/navigation/package.sh'
[5.589s] INFO:colcon.colcon_core.shell:Creating package script '/home/terraformers/rover/install/navigation/share/navigation/package.bash'
[5.590s] INFO:colcon.colcon_core.shell:Creating package script '/home/terraformers/rover/install/navigation/share/navigation/package.zsh'
[5.590s] Level 1:colcon.colcon_core.environment:create_file_with_runtime_dependencies(/home/terraformers/rover/install/navigation/share/colcon-core/packages/navigation)
[5.591s] Level 1:colcon.colcon_core.environment:checking '/home/terraformers/rover/install/drivetrain' for CMake module files
[5.593s] Level 1:colcon.colcon_core.environment:checking '/home/terraformers/rover/install/drivetrain' for CMake config files
[5.594s] DEBUG:colcon.colcon_core.event_handler.log_command:Invoked command in '/home/terraformers/rover/src/drivetrain' returned '0': PYTHONPATH=/home/terraformers/rover/build/drivetrain/prefix_override:/home/terraformers/rover/install/drivetrain/lib/python3.10/site-packages:${PYTHONPATH} /usr/bin/python3 -W ignore:setup.py install is deprecated setup.py egg_info --egg-base ../../build/drivetrain build --build-base /home/terraformers/rover/build/drivetrain/build install --record /home/terraformers/rover/build/drivetrain/install.log --single-version-externally-managed install_data
[5.595s] Level 1:colcon.colcon_core.environment:checking '/home/terraformers/rover/install/drivetrain/lib'
[5.595s] Level 1:colcon.colcon_core.environment:checking '/home/terraformers/rover/install/drivetrain/bin'
[5.595s] Level 1:colcon.colcon_core.environment:checking '/home/terraformers/rover/install/drivetrain/lib/pkgconfig/drivetrain.pc'
[5.596s] Level 1:colcon.colcon_core.environment:checking '/home/terraformers/rover/install/drivetrain/lib/python3.10/site-packages'
[5.596s] Level 1:colcon.colcon_core.shell:create_environment_hook('drivetrain', 'pythonpath')
[5.596s] INFO:colcon.colcon_core.shell:Creating environment hook '/home/terraformers/rover/install/drivetrain/share/drivetrain/hook/pythonpath.ps1'
[5.597s] INFO:colcon.colcon_core.shell:Creating environment descriptor '/home/terraformers/rover/install/drivetrain/share/drivetrain/hook/pythonpath.dsv'
[5.598s] INFO:colcon.colcon_core.shell:Creating environment hook '/home/terraformers/rover/install/drivetrain/share/drivetrain/hook/pythonpath.sh'
[5.598s] Level 1:colcon.colcon_core.environment:checking '/home/terraformers/rover/install/drivetrain/bin'
[5.599s] Level 1:colcon.colcon_core.environment:create_environment_scripts_only(drivetrain)
[5.599s] INFO:colcon.colcon_core.shell:Creating package script '/home/terraformers/rover/install/drivetrain/share/drivetrain/package.ps1'
[5.600s] INFO:colcon.colcon_core.shell:Creating package descriptor '/home/terraformers/rover/install/drivetrain/share/drivetrain/package.dsv'
[5.601s] INFO:colcon.colcon_core.shell:Creating package script '/home/terraformers/rover/install/drivetrain/share/drivetrain/package.sh'
[5.601s] INFO:colcon.colcon_core.shell:Creating package script '/home/terraformers/rover/install/drivetrain/share/drivetrain/package.bash'
[5.602s] INFO:colcon.colcon_core.shell:Creating package script '/home/terraformers/rover/install/drivetrain/share/drivetrain/package.zsh'
[5.602s] Level 1:colcon.colcon_core.environment:create_file_with_runtime_dependencies(/home/terraformers/rover/install/drivetrain/share/colcon-core/packages/drivetrain)
[6.055s] DEBUG:colcon.colcon_core.event_handler.log_command:Invoked command in '/home/terraformers/rover/build/ds4_driver_msgs' returned '0': CMAKE_PREFIX_PATH=/opt/ros/humble /usr/bin/cmake /home/terraformers/rover/src/ds4_driver/ds4_driver_msgs -DCMAKE_INSTALL_PREFIX=/home/terraformers/rover/install/ds4_driver_msgs
[6.058s] DEBUG:colcon.colcon_core.event_handler.log_command:Invoking command in '/home/terraformers/rover/build/ds4_driver_msgs': CMAKE_PREFIX_PATH=/opt/ros/humble /usr/bin/cmake --build /home/terraformers/rover/build/ds4_driver_msgs -- -j8 -l8
[14.596s] DEBUG:colcon.colcon_core.event_handler.log_command:Invoked command in '/home/terraformers/rover/build/ds4_driver_msgs' returned '0': CMAKE_PREFIX_PATH=/opt/ros/humble /usr/bin/cmake --build /home/terraformers/rover/build/ds4_driver_msgs -- -j8 -l8
[14.777s] DEBUG:colcon.colcon_core.event_handler.log_command:Invoking command in '/home/terraformers/rover/build/ds4_driver_msgs': CMAKE_PREFIX_PATH=/opt/ros/humble /usr/bin/cmake --install /home/terraformers/rover/build/ds4_driver_msgs
[14.935s] Level 1:colcon.colcon_core.environment:create_environment_scripts_only(ds4_driver_msgs)
[14.936s] Level 1:colcon.colcon_core.environment:checking '/home/terraformers/rover/install/ds4_driver_msgs' for CMake module files
[14.937s] DEBUG:colcon.colcon_core.event_handler.log_command:Invoked command in '/home/terraformers/rover/build/ds4_driver_msgs' returned '0': CMAKE_PREFIX_PATH=/opt/ros/humble /usr/bin/cmake --install /home/terraformers/rover/build/ds4_driver_msgs
[14.939s] Level 1:colcon.colcon_core.environment:checking '/home/terraformers/rover/install/ds4_driver_msgs' for CMake config files
[14.941s] Level 1:colcon.colcon_core.shell:create_environment_hook('ds4_driver_msgs', 'cmake_prefix_path')
[14.942s] INFO:colcon.colcon_core.shell:Creating environment hook '/home/terraformers/rover/install/ds4_driver_msgs/share/ds4_driver_msgs/hook/cmake_prefix_path.ps1'
[14.944s] INFO:colcon.colcon_core.shell:Creating environment descriptor '/home/terraformers/rover/install/ds4_driver_msgs/share/ds4_driver_msgs/hook/cmake_prefix_path.dsv'
[14.945s] INFO:colcon.colcon_core.shell:Creating environment hook '/home/terraformers/rover/install/ds4_driver_msgs/share/ds4_driver_msgs/hook/cmake_prefix_path.sh'
[14.947s] Level 1:colcon.colcon_core.environment:checking '/home/terraformers/rover/install/ds4_driver_msgs/lib'
[14.947s] Level 1:colcon.colcon_core.shell:create_environment_hook('ds4_driver_msgs', 'ld_library_path_lib')
[14.948s] INFO:colcon.colcon_core.shell:Creating environment hook '/home/terraformers/rover/install/ds4_driver_msgs/share/ds4_driver_msgs/hook/ld_library_path_lib.ps1'
[14.949s] INFO:colcon.colcon_core.shell:Creating environment descriptor '/home/terraformers/rover/install/ds4_driver_msgs/share/ds4_driver_msgs/hook/ld_library_path_lib.dsv'
[14.950s] INFO:colcon.colcon_core.shell:Creating environment hook '/home/terraformers/rover/install/ds4_driver_msgs/share/ds4_driver_msgs/hook/ld_library_path_lib.sh'
[14.950s] Level 1:colcon.colcon_core.environment:checking '/home/terraformers/rover/install/ds4_driver_msgs/bin'
[14.950s] Level 1:colcon.colcon_core.environment:checking '/home/terraformers/rover/install/ds4_driver_msgs/lib/pkgconfig/ds4_driver_msgs.pc'
[14.951s] Level 1:colcon.colcon_core.environment:checking '/home/terraformers/rover/install/ds4_driver_msgs/lib/python3.10/site-packages'
[14.951s] Level 1:colcon.colcon_core.environment:checking '/home/terraformers/rover/install/ds4_driver_msgs/bin'
[14.952s] INFO:colcon.colcon_core.shell:Creating package script '/home/terraformers/rover/install/ds4_driver_msgs/share/ds4_driver_msgs/package.ps1'
[14.952s] INFO:colcon.colcon_core.shell:Creating package descriptor '/home/terraformers/rover/install/ds4_driver_msgs/share/ds4_driver_msgs/package.dsv'
[14.953s] INFO:colcon.colcon_core.shell:Creating package script '/home/terraformers/rover/install/ds4_driver_msgs/share/ds4_driver_msgs/package.sh'
[14.954s] INFO:colcon.colcon_core.shell:Creating package script '/home/terraformers/rover/install/ds4_driver_msgs/share/ds4_driver_msgs/package.bash'
[14.954s] INFO:colcon.colcon_core.shell:Creating package script '/home/terraformers/rover/install/ds4_driver_msgs/share/ds4_driver_msgs/package.zsh'
[14.955s] Level 1:colcon.colcon_core.environment:create_file_with_runtime_dependencies(/home/terraformers/rover/install/ds4_driver_msgs/share/colcon-core/packages/ds4_driver_msgs)
[15.135s] Level 1:colcon.colcon_core.environment:create_environment_scripts_only(ds4_driver_msgs)
[15.136s] Level 1:colcon.colcon_core.environment:checking '/home/terraformers/rover/install/ds4_driver_msgs' for CMake module files
[15.137s] Level 1:colcon.colcon_core.environment:checking '/home/terraformers/rover/install/ds4_driver_msgs' for CMake config files
[15.139s] Level 1:colcon.colcon_core.shell:create_environment_hook('ds4_driver_msgs', 'cmake_prefix_path')
[15.139s] INFO:colcon.colcon_core.shell:Creating environment hook '/home/terraformers/rover/install/ds4_driver_msgs/share/ds4_driver_msgs/hook/cmake_prefix_path.ps1'
[15.140s] INFO:colcon.colcon_core.shell:Creating environment descriptor '/home/terraformers/rover/install/ds4_driver_msgs/share/ds4_driver_msgs/hook/cmake_prefix_path.dsv'
[15.141s] INFO:colcon.colcon_core.shell:Creating environment hook '/home/terraformers/rover/install/ds4_driver_msgs/share/ds4_driver_msgs/hook/cmake_prefix_path.sh'
[15.142s] Level 1:colcon.colcon_core.environment:checking '/home/terraformers/rover/install/ds4_driver_msgs/lib'
[15.142s] Level 1:colcon.colcon_core.shell:create_environment_hook('ds4_driver_msgs', 'ld_library_path_lib')
[15.143s] INFO:colcon.colcon_core.shell:Creating environment hook '/home/terraformers/rover/install/ds4_driver_msgs/share/ds4_driver_msgs/hook/ld_library_path_lib.ps1'
[15.143s] INFO:colcon.colcon_core.shell:Creating environment descriptor '/home/terraformers/rover/install/ds4_driver_msgs/share/ds4_driver_msgs/hook/ld_library_path_lib.dsv'
[15.144s] INFO:colcon.colcon_core.shell:Creating environment hook '/home/terraformers/rover/install/ds4_driver_msgs/share/ds4_driver_msgs/hook/ld_library_path_lib.sh'
[15.145s] Level 1:colcon.colcon_core.environment:checking '/home/terraformers/rover/install/ds4_driver_msgs/bin'
[15.146s] Level 1:colcon.colcon_core.environment:checking '/home/terraformers/rover/install/ds4_driver_msgs/lib/pkgconfig/ds4_driver_msgs.pc'
[15.147s] Level 1:colcon.colcon_core.environment:checking '/home/terraformers/rover/install/ds4_driver_msgs/lib/python3.10/site-packages'
[15.148s] Level 1:colcon.colcon_core.environment:checking '/home/terraformers/rover/install/ds4_driver_msgs/bin'
[15.149s] INFO:colcon.colcon_core.shell:Creating package script '/home/terraformers/rover/install/ds4_driver_msgs/share/ds4_driver_msgs/package.ps1'
[15.150s] INFO:colcon.colcon_core.shell:Creating package descriptor '/home/terraformers/rover/install/ds4_driver_msgs/share/ds4_driver_msgs/package.dsv'
[15.151s] INFO:colcon.colcon_core.shell:Creating package script '/home/terraformers/rover/install/ds4_driver_msgs/share/ds4_driver_msgs/package.sh'
[15.152s] INFO:colcon.colcon_core.shell:Creating package script '/home/terraformers/rover/install/ds4_driver_msgs/share/ds4_driver_msgs/package.bash'
[15.153s] INFO:colcon.colcon_core.shell:Creating package script '/home/terraformers/rover/install/ds4_driver_msgs/share/ds4_driver_msgs/package.zsh'
[15.153s] Level 1:colcon.colcon_core.environment:create_file_with_runtime_dependencies(/home/terraformers/rover/install/ds4_driver_msgs/share/colcon-core/packages/ds4_driver_msgs)
[15.154s] INFO:colcon.colcon_ros.task.ament_cmake.build:Building ROS package in '/home/terraformers/rover/src/ds4_driver/ds4_driver' with build type 'ament_cmake'
[15.155s] INFO:colcon.colcon_cmake.task.cmake.build:Building CMake package in '/home/terraformers/rover/src/ds4_driver/ds4_driver'
[15.155s] INFO:colcon.colcon_core.shell:Skip shell extension 'powershell' for command environment: Not usable outside of PowerShell
[15.156s] DEBUG:colcon.colcon_core.shell:Skip shell extension 'dsv' for command environment
[15.181s] DEBUG:colcon.colcon_core.event_handler.log_command:Invoking command in '/home/terraformers/rover/build/ds4_driver': AMENT_PREFIX_PATH=/home/terraformers/rover/install/ds4_driver_msgs:${AMENT_PREFIX_PATH} CMAKE_PREFIX_PATH=/home/terraformers/rover/install/ds4_driver_msgs:/opt/ros/humble LD_LIBRARY_PATH=/home/terraformers/rover/install/ds4_driver_msgs/lib:${LD_LIBRARY_PATH} PYTHONPATH=/home/terraformers/rover/install/ds4_driver_msgs/local/lib/python3.10/dist-packages:${PYTHONPATH} /usr/bin/cmake /home/terraformers/rover/src/ds4_driver/ds4_driver -DCMAKE_INSTALL_PREFIX=/home/terraformers/rover/install/ds4_driver
[17.294s] DEBUG:colcon.colcon_core.event_handler.log_command:Invoked command in '/home/terraformers/rover/build/ds4_driver' returned '0': AMENT_PREFIX_PATH=/home/terraformers/rover/install/ds4_driver_msgs:${AMENT_PREFIX_PATH} CMAKE_PREFIX_PATH=/home/terraformers/rover/install/ds4_driver_msgs:/opt/ros/humble LD_LIBRARY_PATH=/home/terraformers/rover/install/ds4_driver_msgs/lib:${LD_LIBRARY_PATH} PYTHONPATH=/home/terraformers/rover/install/ds4_driver_msgs/local/lib/python3.10/dist-packages:${PYTHONPATH} /usr/bin/cmake /home/terraformers/rover/src/ds4_driver/ds4_driver -DCMAKE_INSTALL_PREFIX=/home/terraformers/rover/install/ds4_driver
[17.298s] DEBUG:colcon.colcon_core.event_handler.log_command:Invoking command in '/home/terraformers/rover/build/ds4_driver': AMENT_PREFIX_PATH=/home/terraformers/rover/install/ds4_driver_msgs:${AMENT_PREFIX_PATH} CMAKE_PREFIX_PATH=/home/terraformers/rover/install/ds4_driver_msgs:/opt/ros/humble LD_LIBRARY_PATH=/home/terraformers/rover/install/ds4_driver_msgs/lib:${LD_LIBRARY_PATH} PYTHONPATH=/home/terraformers/rover/install/ds4_driver_msgs/local/lib/python3.10/dist-packages:${PYTHONPATH} /usr/bin/cmake --build /home/terraformers/rover/build/ds4_driver -- -j8 -l8
[17.971s] DEBUG:colcon.colcon_core.event_handler.log_command:Invoked command in '/home/terraformers/rover/build/ds4_driver' returned '0': AMENT_PREFIX_PATH=/home/terraformers/rover/install/ds4_driver_msgs:${AMENT_PREFIX_PATH} CMAKE_PREFIX_PATH=/home/terraformers/rover/install/ds4_driver_msgs:/opt/ros/humble LD_LIBRARY_PATH=/home/terraformers/rover/install/ds4_driver_msgs/lib:${LD_LIBRARY_PATH} PYTHONPATH=/home/terraformers/rover/install/ds4_driver_msgs/local/lib/python3.10/dist-packages:${PYTHONPATH} /usr/bin/cmake --build /home/terraformers/rover/build/ds4_driver -- -j8 -l8
[18.013s] DEBUG:colcon.colcon_core.event_handler.log_command:Invoking command in '/home/terraformers/rover/build/ds4_driver': AMENT_PREFIX_PATH=/home/terraformers/rover/install/ds4_driver_msgs:${AMENT_PREFIX_PATH} CMAKE_PREFIX_PATH=/home/terraformers/rover/install/ds4_driver_msgs:/opt/ros/humble LD_LIBRARY_PATH=/home/terraformers/rover/install/ds4_driver_msgs/lib:${LD_LIBRARY_PATH} PYTHONPATH=/home/terraformers/rover/install/ds4_driver_msgs/local/lib/python3.10/dist-packages:${PYTHONPATH} /usr/bin/cmake --install /home/terraformers/rover/build/ds4_driver
[18.123s] Level 1:colcon.colcon_core.environment:create_environment_scripts_only(ds4_driver)
[18.124s] Level 1:colcon.colcon_core.environment:checking '/home/terraformers/rover/install/ds4_driver' for CMake module files
[18.125s] DEBUG:colcon.colcon_core.event_handler.log_command:Invoked command in '/home/terraformers/rover/build/ds4_driver' returned '0': AMENT_PREFIX_PATH=/home/terraformers/rover/install/ds4_driver_msgs:${AMENT_PREFIX_PATH} CMAKE_PREFIX_PATH=/home/terraformers/rover/install/ds4_driver_msgs:/opt/ros/humble LD_LIBRARY_PATH=/home/terraformers/rover/install/ds4_driver_msgs/lib:${LD_LIBRARY_PATH} PYTHONPATH=/home/terraformers/rover/install/ds4_driver_msgs/local/lib/python3.10/dist-packages:${PYTHONPATH} /usr/bin/cmake --install /home/terraformers/rover/build/ds4_driver
[18.126s] Level 1:colcon.colcon_core.environment:checking '/home/terraformers/rover/install/ds4_driver' for CMake config files
[18.127s] Level 1:colcon.colcon_core.shell:create_environment_hook('ds4_driver', 'cmake_prefix_path')
[18.128s] INFO:colcon.colcon_core.shell:Creating environment hook '/home/terraformers/rover/install/ds4_driver/share/ds4_driver/hook/cmake_prefix_path.ps1'
[18.129s] INFO:colcon.colcon_core.shell:Creating environment descriptor '/home/terraformers/rover/install/ds4_driver/share/ds4_driver/hook/cmake_prefix_path.dsv'
[18.130s] INFO:colcon.colcon_core.shell:Creating environment hook '/home/terraformers/rover/install/ds4_driver/share/ds4_driver/hook/cmake_prefix_path.sh'
[18.132s] Level 1:colcon.colcon_core.environment:checking '/home/terraformers/rover/install/ds4_driver/lib'
[18.133s] Level 1:colcon.colcon_core.environment:checking '/home/terraformers/rover/install/ds4_driver/bin'
[18.133s] Level 1:colcon.colcon_core.environment:checking '/home/terraformers/rover/install/ds4_driver/lib/pkgconfig/ds4_driver.pc'
[18.134s] Level 1:colcon.colcon_core.environment:checking '/home/terraformers/rover/install/ds4_driver/lib/python3.10/site-packages'
[18.135s] Level 1:colcon.colcon_core.environment:checking '/home/terraformers/rover/install/ds4_driver/bin'
[18.136s] INFO:colcon.colcon_core.shell:Creating package script '/home/terraformers/rover/install/ds4_driver/share/ds4_driver/package.ps1'
[18.138s] INFO:colcon.colcon_core.shell:Creating package descriptor '/home/terraformers/rover/install/ds4_driver/share/ds4_driver/package.dsv'
[18.139s] INFO:colcon.colcon_core.shell:Creating package script '/home/terraformers/rover/install/ds4_driver/share/ds4_driver/package.sh'
[18.140s] INFO:colcon.colcon_core.shell:Creating package script '/home/terraformers/rover/install/ds4_driver/share/ds4_driver/package.bash'
[18.140s] INFO:colcon.colcon_core.shell:Creating package script '/home/terraformers/rover/install/ds4_driver/share/ds4_driver/package.zsh'
[18.141s] Level 1:colcon.colcon_core.environment:create_file_with_runtime_dependencies(/home/terraformers/rover/install/ds4_driver/share/colcon-core/packages/ds4_driver)
[18.181s] Level 1:colcon.colcon_core.environment:create_environment_scripts_only(ds4_driver)
[18.182s] Level 1:colcon.colcon_core.environment:checking '/home/terraformers/rover/install/ds4_driver' for CMake module files
[18.183s] Level 1:colcon.colcon_core.environment:checking '/home/terraformers/rover/install/ds4_driver' for CMake config files
[18.184s] Level 1:colcon.colcon_core.shell:create_environment_hook('ds4_driver', 'cmake_prefix_path')
[18.184s] INFO:colcon.colcon_core.shell:Creating environment hook '/home/terraformers/rover/install/ds4_driver/share/ds4_driver/hook/cmake_prefix_path.ps1'
[18.186s] INFO:colcon.colcon_core.shell:Creating environment descriptor '/home/terraformers/rover/install/ds4_driver/share/ds4_driver/hook/cmake_prefix_path.dsv'
[18.186s] INFO:colcon.colcon_core.shell:Creating environment hook '/home/terraformers/rover/install/ds4_driver/share/ds4_driver/hook/cmake_prefix_path.sh'
[18.187s] Level 1:colcon.colcon_core.environment:checking '/home/terraformers/rover/install/ds4_driver/lib'
[18.188s] Level 1:colcon.colcon_core.environment:checking '/home/terraformers/rover/install/ds4_driver/bin'
[18.188s] Level 1:colcon.colcon_core.environment:checking '/home/terraformers/rover/install/ds4_driver/lib/pkgconfig/ds4_driver.pc'
[18.188s] Level 1:colcon.colcon_core.environment:checking '/home/terraformers/rover/install/ds4_driver/lib/python3.10/site-packages'
[18.189s] Level 1:colcon.colcon_core.environment:checking '/home/terraformers/rover/install/ds4_driver/bin'
[18.189s] INFO:colcon.colcon_core.shell:Creating package script '/home/terraformers/rover/install/ds4_driver/share/ds4_driver/package.ps1'
[18.191s] INFO:colcon.colcon_core.shell:Creating package descriptor '/home/terraformers/rover/install/ds4_driver/share/ds4_driver/package.dsv'
[18.193s] INFO:colcon.colcon_core.shell:Creating package script '/home/terraformers/rover/install/ds4_driver/share/ds4_driver/package.sh'
[18.194s] INFO:colcon.colcon_core.shell:Creating package script '/home/terraformers/rover/install/ds4_driver/share/ds4_driver/package.bash'
[18.198s] INFO:colcon.colcon_core.shell:Creating package script '/home/terraformers/rover/install/ds4_driver/share/ds4_driver/package.zsh'
[18.199s] Level 1:colcon.colcon_core.environment:create_file_with_runtime_dependencies(/home/terraformers/rover/install/ds4_driver/share/colcon-core/packages/ds4_driver)
[18.200s] DEBUG:colcon.colcon_parallel_executor.executor.parallel:closing loop
[18.200s] DEBUG:colcon.colcon_parallel_executor.executor.parallel:loop closed
[18.201s] DEBUG:colcon.colcon_parallel_executor.executor.parallel:run_until_complete finished with '0'
[18.201s] DEBUG:colcon.colcon_core.event_reactor:joining thread
[18.221s] INFO:colcon.colcon_core.plugin_system:Skipping extension 'colcon_notification.desktop_notification.terminal_notifier': Not used on non-Darwin systems
[18.222s] INFO:colcon.colcon_core.plugin_system:Skipping extension 'colcon_notification.desktop_notification.win32': Not used on non-Windows systems
[18.222s] INFO:colcon.colcon_notification.desktop_notification:Sending desktop notification using 'notify2'
[18.276s] DEBUG:colcon.colcon_core.event_reactor:joined thread
[18.278s] INFO:colcon.colcon_core.shell:Creating prefix script '/home/terraformers/rover/install/local_setup.ps1'
[18.282s] INFO:colcon.colcon_core.shell:Creating prefix util module '/home/terraformers/rover/install/_local_setup_util_ps1.py'
[18.287s] INFO:colcon.colcon_core.shell:Creating prefix chain script '/home/terraformers/rover/install/setup.ps1'
[18.290s] INFO:colcon.colcon_core.shell:Creating prefix script '/home/terraformers/rover/install/local_setup.sh'
[18.292s] INFO:colcon.colcon_core.shell:Creating prefix util module '/home/terraformers/rover/install/_local_setup_util_sh.py'
[18.293s] INFO:colcon.colcon_core.shell:Creating prefix chain script '/home/terraformers/rover/install/setup.sh'
[18.295s] INFO:colcon.colcon_core.shell:Creating prefix script '/home/terraformers/rover/install/local_setup.bash'
[18.296s] INFO:colcon.colcon_core.shell:Creating prefix chain script '/home/terraformers/rover/install/setup.bash'
[18.299s] INFO:colcon.colcon_core.shell:Creating prefix script '/home/terraformers/rover/install/local_setup.zsh'
[18.300s] INFO:colcon.colcon_core.shell:Creating prefix chain script '/home/terraformers/rover/install/setup.zsh'
